<?xml version="1.0" encoding="UTF-8"?>
<robot generator="Robot 6.1.1 (Python 3.11.4 on win32)" generated="20240111 00:14:55.744" rpa="false" schemaversion="4">
<suite id="s1" name="searchSuite" source="c:\Users\pkpho\proyek\Batch52-Quiz4-Team10\suites\searchSuite.robot">
<test id="s1-t1" name="User should be able to login with valid credentials" line="17">
<kw name="Run Keywords" library="BuiltIn" type="SETUP">
<arg>Open Flights application</arg>
<arg>AND</arg>
<arg>Login With Valid Credentials</arg>
<doc>Executes all the given keywords in a sequence.</doc>
<kw name="Open Flights application" library="base">
<kw name="Open Application" library="AppiumLibrary">
<arg>remote_url=${REMOTE_URL}</arg>
<arg>platformName=${PLATFORM_NAME}</arg>
<arg>platformVersion=${PLATFORM_VERSION}</arg>
<arg>deviceName=${DEVICE_NAME}</arg>
<arg>appPackage=${APP_PACKAGE}</arg>
<arg>appActivity=${APP_ACTIVITY}</arg>
<doc>Opens a new application to given Appium server.
Capabilities of appium server, Android and iOS,
Please check https://github.com/appium/appium/blob/master/docs/en/writing-running-appium/server-args.md
| *Option*            | *Man.* | *Description*     |
| remote_url          | Yes    | Appium server url |
| alias               | no     | alias             |
| strict_ssl          | No     | allows you to send commands to an invalid certificate host like a self-signed one. |</doc>
<status status="PASS" starttime="20240111 00:14:56.116" endtime="20240111 00:15:04.801"/>
</kw>
<status status="PASS" starttime="20240111 00:14:56.115" endtime="20240111 00:15:04.802"/>
</kw>
<kw name="Login With Valid Credentials" library="loginPage">
<kw name="Verify Home Page Appears" library="homePage">
<kw name="Wait Until Element Is Visible" library="AppiumLibrary">
<arg>${logoHomePage}</arg>
<doc>Waits until element specified with `locator` is visible.</doc>
<msg timestamp="20240111 00:15:06.702" level="INFO">xpath criteria: //android.widget.ImageView[@resource-id="com.example.myapplication:id/imageView4"]</msg>
<status status="PASS" starttime="20240111 00:15:04.802" endtime="20240111 00:15:06.705"/>
</kw>
<status status="PASS" starttime="20240111 00:15:04.802" endtime="20240111 00:15:06.705"/>
</kw>
<kw name="Click Sign In Button On Home Page" library="homePage">
<kw name="Wait Until Element Is Visible" library="AppiumLibrary">
<arg>${signInButtonHomePage}</arg>
<doc>Waits until element specified with `locator` is visible.</doc>
<msg timestamp="20240111 00:15:06.857" level="INFO">xpath criteria: //android.widget.Button[@resource-id="com.example.myapplication:id/login"]</msg>
<status status="PASS" starttime="20240111 00:15:06.706" endtime="20240111 00:15:06.860"/>
</kw>
<kw name="Click Element" library="AppiumLibrary">
<arg>${signInButtonHomePage}</arg>
<doc>Click element identified by `locator`.</doc>
<msg timestamp="20240111 00:15:06.864" level="INFO">Clicking element '//android.widget.Button[@resource-id="com.example.myapplication:id/login"]'.</msg>
<msg timestamp="20240111 00:15:07.086" level="INFO">xpath criteria: //android.widget.Button[@resource-id="com.example.myapplication:id/login"]</msg>
<status status="PASS" starttime="20240111 00:15:06.860" endtime="20240111 00:15:07.086"/>
</kw>
<status status="PASS" starttime="20240111 00:15:06.705" endtime="20240111 00:15:07.086"/>
</kw>
<kw name="Verify Login Appears" library="loginPage">
<kw name="Wait Until Element Is Visible" library="AppiumLibrary">
<arg>${emailInputLoginPage}</arg>
<doc>Waits until element specified with `locator` is visible.</doc>
<msg timestamp="20240111 00:15:09.197" level="INFO">xpath criteria: //android.widget.EditText[@resource-id="com.example.myapplication:id/username"]
xpath criteria: //android.widget.EditText[@resource-id="com.example.myapplication:id/username"]</msg>
<status status="PASS" starttime="20240111 00:15:07.087" endtime="20240111 00:15:09.198"/>
</kw>
<kw name="Wait Until Element Is Visible" library="AppiumLibrary">
<arg>${passwordinputLoginPage}</arg>
<doc>Waits until element specified with `locator` is visible.</doc>
<msg timestamp="20240111 00:15:09.899" level="INFO">xpath criteria: //android.widget.EditText[@resource-id="com.example.myapplication:id/password"]</msg>
<status status="PASS" starttime="20240111 00:15:09.199" endtime="20240111 00:15:09.900"/>
</kw>
<kw name="Wait Until Element Is Visible" library="AppiumLibrary">
<arg>${signInButtonLoginPage}</arg>
<doc>Waits until element specified with `locator` is visible.</doc>
<msg timestamp="20240111 00:15:10.044" level="INFO">xpath criteria: //android.widget.Button[@resource-id="com.example.myapplication:id/signIn"]</msg>
<status status="PASS" starttime="20240111 00:15:09.900" endtime="20240111 00:15:10.045"/>
</kw>
<status status="PASS" starttime="20240111 00:15:07.086" endtime="20240111 00:15:10.045"/>
</kw>
<kw name="Input User Email on Login Page" library="loginPage">
<arg>${email}</arg>
<kw name="Input Text" library="AppiumLibrary">
<arg>${emailInputLoginPage}</arg>
<arg>${email}</arg>
<doc>Types the given `text` into text field identified by `locator`.</doc>
<msg timestamp="20240111 00:15:10.048" level="INFO">Typing text 'support@ngendigital.com' into text field '//android.widget.EditText[@resource-id="com.example.myapplication:id/username"]'</msg>
<msg timestamp="20240111 00:15:10.193" level="INFO">xpath criteria: //android.widget.EditText[@resource-id="com.example.myapplication:id/username"]</msg>
<status status="PASS" starttime="20240111 00:15:10.046" endtime="20240111 00:15:10.193"/>
</kw>
<status status="PASS" starttime="20240111 00:15:10.045" endtime="20240111 00:15:10.193"/>
</kw>
<kw name="Input User password on Login Page" library="loginPage">
<arg>${password}</arg>
<kw name="Input Text" library="AppiumLibrary">
<arg>${passwordinputLoginPage}</arg>
<arg>${password}</arg>
<doc>Types the given `text` into text field identified by `locator`.</doc>
<msg timestamp="20240111 00:15:10.194" level="INFO">Typing text 'abc123' into text field '//android.widget.EditText[@resource-id="com.example.myapplication:id/password"]'</msg>
<msg timestamp="20240111 00:15:10.876" level="INFO">xpath criteria: //android.widget.EditText[@resource-id="com.example.myapplication:id/password"]</msg>
<status status="PASS" starttime="20240111 00:15:10.193" endtime="20240111 00:15:10.876"/>
</kw>
<status status="PASS" starttime="20240111 00:15:10.193" endtime="20240111 00:15:10.876"/>
</kw>
<kw name="Click Sign In Button on Login Page" library="loginPage">
<kw name="Click Element" library="AppiumLibrary">
<arg>${signInButtonLoginPage}</arg>
<doc>Click element identified by `locator`.</doc>
<msg timestamp="20240111 00:15:10.879" level="INFO">Clicking element '//android.widget.Button[@resource-id="com.example.myapplication:id/signIn"]'.</msg>
<msg timestamp="20240111 00:15:11.620" level="INFO">xpath criteria: //android.widget.Button[@resource-id="com.example.myapplication:id/signIn"]</msg>
<status status="PASS" starttime="20240111 00:15:10.877" endtime="20240111 00:15:11.621"/>
</kw>
<status status="PASS" starttime="20240111 00:15:10.876" endtime="20240111 00:15:11.621"/>
</kw>
<status status="PASS" starttime="20240111 00:15:04.802" endtime="20240111 00:15:11.621"/>
</kw>
<status status="PASS" starttime="20240111 00:14:56.115" endtime="20240111 00:15:11.621"/>
</kw>
<kw name="Verify Home Page Appears" library="homePage">
<kw name="Wait Until Element Is Visible" library="AppiumLibrary">
<arg>${logoHomePage}</arg>
<doc>Waits until element specified with `locator` is visible.</doc>
<msg timestamp="20240111 00:15:12.839" level="INFO">xpath criteria: //android.widget.ImageView[@resource-id="com.example.myapplication:id/imageView4"]
xpath criteria: //android.widget.ImageView[@resource-id="com.example.myapplication:id/imageView4"]</msg>
<status status="PASS" starttime="20240111 00:15:11.623" endtime="20240111 00:15:12.839"/>
</kw>
<status status="PASS" starttime="20240111 00:15:11.622" endtime="20240111 00:15:12.839"/>
</kw>
<kw name="Verify User Is Logged In" library="homePage">
<kw name="Wait Until Element Is Visible" library="AppiumLibrary">
<arg>${userNameTextHomePage}</arg>
<doc>Waits until element specified with `locator` is visible.</doc>
<msg timestamp="20240111 00:15:13.825" level="INFO">xpath criteria: //android.widget.TextView[@resource-id="com.example.myapplication:id/textView"]</msg>
<status status="PASS" starttime="20240111 00:15:12.840" endtime="20240111 00:15:13.825"/>
</kw>
<status status="PASS" starttime="20240111 00:15:12.839" endtime="20240111 00:15:13.826"/>
</kw>
<kw name="Verify Button Search Is Visible" library="searchPage">
<kw name="Wait Until Element Is Visible" library="AppiumLibrary">
<arg>${searchButtonPage}</arg>
<doc>Waits until element specified with `locator` is visible.</doc>
<msg timestamp="20240111 00:15:14.268" level="INFO">xpath criteria: //android.widget.Button[@resource-id="com.example.myapplication:id/search_flight"]</msg>
<status status="PASS" starttime="20240111 00:15:13.843" endtime="20240111 00:15:14.269"/>
</kw>
<status status="PASS" starttime="20240111 00:15:13.842" endtime="20240111 00:15:14.270"/>
</kw>
<kw name="Click Search Button In Home Page" library="searchPage">
<kw name="Click Element" library="AppiumLibrary">
<arg>${searchButtonPage}</arg>
<doc>Click element identified by `locator`.</doc>
<msg timestamp="20240111 00:15:14.275" level="INFO">Clicking element '//android.widget.Button[@resource-id="com.example.myapplication:id/search_flight"]'.</msg>
<msg timestamp="20240111 00:15:14.541" level="INFO">xpath criteria: //android.widget.Button[@resource-id="com.example.myapplication:id/search_flight"]</msg>
<status status="PASS" starttime="20240111 00:15:14.272" endtime="20240111 00:15:14.541"/>
</kw>
<status status="PASS" starttime="20240111 00:15:14.272" endtime="20240111 00:15:14.541"/>
</kw>
<kw name="Verify Search Page Is Visible" library="searchPage">
<kw name="Wait Until Element Is Visible" library="AppiumLibrary">
<arg>${verifySearchPage}</arg>
<doc>Waits until element specified with `locator` is visible.</doc>
<msg timestamp="20240111 00:15:16.053" level="INFO">xpath criteria: //android.widget.TextView[@resource-id="com.example.myapplication:id/enterFlight"]
xpath criteria: //android.widget.TextView[@resource-id="com.example.myapplication:id/enterFlight"]</msg>
<status status="PASS" starttime="20240111 00:15:14.542" endtime="20240111 00:15:16.053"/>
</kw>
<status status="PASS" starttime="20240111 00:15:14.542" endtime="20240111 00:15:16.053"/>
</kw>
<kw name="Input Search Field With Valid Value" library="searchPage">
<kw name="Input Text" library="AppiumLibrary">
<arg>${fieldSearch}</arg>
<arg>${seachKey}</arg>
<doc>Types the given `text` into text field identified by `locator`.</doc>
<msg timestamp="20240111 00:15:16.057" level="INFO">Typing text 'DA935' into text field '//android.widget.EditText[@resource-id="com.example.myapplication:id/flight_number"]'</msg>
<msg timestamp="20240111 00:15:16.227" level="INFO">xpath criteria: //android.widget.EditText[@resource-id="com.example.myapplication:id/flight_number"]</msg>
<status status="PASS" starttime="20240111 00:15:16.055" endtime="20240111 00:15:16.228"/>
</kw>
<status status="PASS" starttime="20240111 00:15:16.054" endtime="20240111 00:15:16.228"/>
</kw>
<kw name="Click Search Button For Get The Search Result" library="searchPage">
<kw name="Click Element" library="AppiumLibrary">
<arg>${searchButton}</arg>
<doc>Click element identified by `locator`.</doc>
<msg timestamp="20240111 00:15:16.231" level="INFO">Clicking element '//android.widget.Button[@resource-id="com.example.myapplication:id/searchFlight"]'.</msg>
<msg timestamp="20240111 00:15:16.932" level="INFO">xpath criteria: //android.widget.Button[@resource-id="com.example.myapplication:id/searchFlight"]</msg>
<status status="PASS" starttime="20240111 00:15:16.230" endtime="20240111 00:15:16.932"/>
</kw>
<status status="PASS" starttime="20240111 00:15:16.229" endtime="20240111 00:15:16.932"/>
</kw>
<kw name="Verify Search Result Page Is Visible" library="searchPage">
<kw name="Wait Until Element Is Visible" library="AppiumLibrary">
<arg>${verifySearchResult}</arg>
<doc>Waits until element specified with `locator` is visible.</doc>
<msg timestamp="20240111 00:15:18.315" level="INFO">xpath criteria: //android.widget.TextView[@text="DA 935"]
xpath criteria: //android.widget.TextView[@text="DA 935"]</msg>
<status status="PASS" starttime="20240111 00:15:16.933" endtime="20240111 00:15:18.315"/>
</kw>
<status status="PASS" starttime="20240111 00:15:16.933" endtime="20240111 00:15:18.315"/>
</kw>
<kw name="Close Flights application" library="base">
<kw name="Close Application" library="AppiumLibrary">
<doc>Closes the current application and also close webdriver session.</doc>
<status status="PASS" starttime="20240111 00:15:18.317" endtime="20240111 00:15:18.802"/>
</kw>
<status status="PASS" starttime="20240111 00:15:18.316" endtime="20240111 00:15:18.802"/>
</kw>
<status status="PASS" starttime="20240111 00:14:56.114" endtime="20240111 00:15:18.806"/>
</test>
<status status="PASS" starttime="20240111 00:14:55.756" endtime="20240111 00:15:18.813"/>
</suite>
<statistics>
<total>
<stat pass="1" fail="0" skip="0">All Tests</stat>
</total>
<tag>
</tag>
<suite>
<stat pass="1" fail="0" skip="0" id="s1" name="searchSuite">searchSuite</stat>
</suite>
</statistics>
<errors>
</errors>
</robot>
