<?xml version="1.0" encoding="UTF-8"?>
<robot generator="Robot 6.1.1 (Python 3.11.4 on win32)" generated="20240108 23:55:18.008" rpa="false" schemaversion="4">
<suite id="s1" name="loginSuite" source="c:\Users\pkpho\proyek\Batch52-Quiz4-Team10\suites\loginSuite.robot">
<test id="s1-t1" name="User should be able to login with valid credentials" line="12">
<kw name="Open Flights application" library="base">
<kw name="Open Application" library="AppiumLibrary">
<arg>remote_url=${REMOTE_URL}</arg>
<arg>platformName=${PLATFORM_NAME}</arg>
<arg>platformVersion=${PLATFORM_VERSION}</arg>
<arg>deviceName=${DEVICE_NAME}</arg>
<arg>appPackage=${APP_PACKAGE}</arg>
<arg>appActivity=${APP_ACTIVITY}</arg>
<doc>Opens a new application to given Appium server.
Capabilities of appium server, Android and iOS,
Please check https://github.com/appium/appium/blob/master/docs/en/writing-running-appium/server-args.md
| *Option*            | *Man.* | *Description*     |
| remote_url          | Yes    | Appium server url |
| alias               | no     | alias             |
| strict_ssl          | No     | allows you to send commands to an invalid certificate host like a self-signed one. |</doc>
<status status="PASS" starttime="20240108 23:55:18.357" endtime="20240108 23:55:26.975"/>
</kw>
<status status="PASS" starttime="20240108 23:55:18.356" endtime="20240108 23:55:26.975"/>
</kw>
<kw name="Verify Home Page Appears" library="homePage">
<kw name="Wait Until Element Is Visible" library="AppiumLibrary">
<arg>${logoHomePage}</arg>
<doc>Waits until element specified with `locator` is visible.</doc>
<msg timestamp="20240108 23:55:28.366" level="INFO">xpath criteria: //android.widget.ImageView[@resource-id="com.example.myapplication:id/imageView4"]</msg>
<status status="PASS" starttime="20240108 23:55:26.980" endtime="20240108 23:55:28.400"/>
</kw>
<status status="PASS" starttime="20240108 23:55:26.977" endtime="20240108 23:55:28.401"/>
</kw>
<kw name="Click Sign In Button On Home Page" library="homePage">
<kw name="Wait Until Element Is Visible" library="AppiumLibrary">
<arg>${signInButtonHomePage}</arg>
<doc>Waits until element specified with `locator` is visible.</doc>
<msg timestamp="20240108 23:55:28.592" level="INFO">xpath criteria: //android.widget.Button[@resource-id="com.example.myapplication:id/login"]</msg>
<status status="PASS" starttime="20240108 23:55:28.407" endtime="20240108 23:55:28.594"/>
</kw>
<kw name="Click Element" library="AppiumLibrary">
<arg>${signInButtonHomePage}</arg>
<doc>Click element identified by `locator`.</doc>
<msg timestamp="20240108 23:55:28.597" level="INFO">Clicking element '//android.widget.Button[@resource-id="com.example.myapplication:id/login"]'.</msg>
<msg timestamp="20240108 23:55:28.818" level="INFO">xpath criteria: //android.widget.Button[@resource-id="com.example.myapplication:id/login"]</msg>
<status status="PASS" starttime="20240108 23:55:28.594" endtime="20240108 23:55:28.818"/>
</kw>
<status status="PASS" starttime="20240108 23:55:28.405" endtime="20240108 23:55:28.819"/>
</kw>
<kw name="Verify Login Appears" library="loginPage">
<kw name="Wait Until Element Is Visible" library="AppiumLibrary">
<arg>${emailInputLoginPage}</arg>
<doc>Waits until element specified with `locator` is visible.</doc>
<msg timestamp="20240108 23:55:30.329" level="INFO">xpath criteria: //android.widget.EditText[@resource-id="com.example.myapplication:id/username"]
xpath criteria: //android.widget.EditText[@resource-id="com.example.myapplication:id/username"]</msg>
<status status="PASS" starttime="20240108 23:55:28.820" endtime="20240108 23:55:30.330"/>
</kw>
<kw name="Wait Until Element Is Visible" library="AppiumLibrary">
<arg>${passwordinputLoginPage}</arg>
<doc>Waits until element specified with `locator` is visible.</doc>
<msg timestamp="20240108 23:55:30.459" level="INFO">xpath criteria: //android.widget.EditText[@resource-id="com.example.myapplication:id/password"]</msg>
<status status="PASS" starttime="20240108 23:55:30.330" endtime="20240108 23:55:30.459"/>
</kw>
<kw name="Wait Until Element Is Visible" library="AppiumLibrary">
<arg>${signInButtonLoginPage}</arg>
<doc>Waits until element specified with `locator` is visible.</doc>
<msg timestamp="20240108 23:55:30.587" level="INFO">xpath criteria: //android.widget.Button[@resource-id="com.example.myapplication:id/signIn"]</msg>
<status status="PASS" starttime="20240108 23:55:30.461" endtime="20240108 23:55:30.587"/>
</kw>
<status status="PASS" starttime="20240108 23:55:28.820" endtime="20240108 23:55:30.587"/>
</kw>
<kw name="Input User Email on Login Page" library="loginPage">
<arg>${VALID_EMAIL}</arg>
<kw name="Input Text" library="AppiumLibrary">
<arg>${emailInputLoginPage}</arg>
<arg>${email}</arg>
<doc>Types the given `text` into text field identified by `locator`.</doc>
<msg timestamp="20240108 23:55:30.590" level="INFO">Typing text 'support@ngendigital.com' into text field '//android.widget.EditText[@resource-id="com.example.myapplication:id/username"]'</msg>
<msg timestamp="20240108 23:55:30.753" level="INFO">xpath criteria: //android.widget.EditText[@resource-id="com.example.myapplication:id/username"]</msg>
<status status="PASS" starttime="20240108 23:55:30.588" endtime="20240108 23:55:30.754"/>
</kw>
<status status="PASS" starttime="20240108 23:55:30.588" endtime="20240108 23:55:30.754"/>
</kw>
<kw name="Input User password on Login Page" library="loginPage">
<arg>${VALID_PASSWORD}</arg>
<kw name="Input Text" library="AppiumLibrary">
<arg>${passwordinputLoginPage}</arg>
<arg>${password}</arg>
<doc>Types the given `text` into text field identified by `locator`.</doc>
<msg timestamp="20240108 23:55:30.757" level="INFO">Typing text 'abc123' into text field '//android.widget.EditText[@resource-id="com.example.myapplication:id/password"]'</msg>
<msg timestamp="20240108 23:55:31.380" level="INFO">xpath criteria: //android.widget.EditText[@resource-id="com.example.myapplication:id/password"]</msg>
<status status="PASS" starttime="20240108 23:55:30.754" endtime="20240108 23:55:31.380"/>
</kw>
<status status="PASS" starttime="20240108 23:55:30.754" endtime="20240108 23:55:31.381"/>
</kw>
<kw name="Click Sign In Button on Login Page" library="loginPage">
<kw name="Click Element" library="AppiumLibrary">
<arg>${signInButtonLoginPage}</arg>
<doc>Click element identified by `locator`.</doc>
<msg timestamp="20240108 23:55:31.388" level="INFO">Clicking element '//android.widget.Button[@resource-id="com.example.myapplication:id/signIn"]'.</msg>
<msg timestamp="20240108 23:55:32.010" level="INFO">xpath criteria: //android.widget.Button[@resource-id="com.example.myapplication:id/signIn"]</msg>
<status status="PASS" starttime="20240108 23:55:31.384" endtime="20240108 23:55:32.011"/>
</kw>
<status status="PASS" starttime="20240108 23:55:31.383" endtime="20240108 23:55:32.011"/>
</kw>
<kw name="Verify User Is Logged In" library="homePage">
<kw name="Wait Until Element Is Visible" library="AppiumLibrary">
<arg>${userNameTextHomePage}</arg>
<doc>Waits until element specified with `locator` is visible.</doc>
<msg timestamp="20240108 23:55:33.198" level="INFO">xpath criteria: //android.widget.TextView[@resource-id="com.example.myapplication:id/textView"]</msg>
<status status="PASS" starttime="20240108 23:55:32.014" endtime="20240108 23:55:33.198"/>
</kw>
<status status="PASS" starttime="20240108 23:55:32.014" endtime="20240108 23:55:33.198"/>
</kw>
<kw name="Close Flights application" library="base">
<kw name="Close Application" library="AppiumLibrary">
<doc>Closes the current application and also close webdriver session.</doc>
<status status="PASS" starttime="20240108 23:55:33.200" endtime="20240108 23:55:33.637"/>
</kw>
<status status="PASS" starttime="20240108 23:55:33.199" endtime="20240108 23:55:33.638"/>
</kw>
<status status="PASS" starttime="20240108 23:55:18.356" endtime="20240108 23:55:33.638"/>
</test>
<status status="PASS" starttime="20240108 23:55:18.018" endtime="20240108 23:55:33.640"/>
</suite>
<statistics>
<total>
<stat pass="1" fail="0" skip="0">All Tests</stat>
</total>
<tag>
</tag>
<suite>
<stat pass="1" fail="0" skip="0" id="s1" name="loginSuite">loginSuite</stat>
</suite>
</statistics>
<errors>
</errors>
</robot>
