<?xml version="1.0" encoding="UTF-8"?>
<robot generator="Robot 6.1.1 (Python 3.11.4 on win32)" generated="20240109 23:03:09.589" rpa="false" schemaversion="4">
<suite id="s1" name="loginSuite" source="c:\Users\pkpho\proyek\Batch52-Quiz4-Team10\suites\loginSuite.robot">
<test id="s1-t1" name="User should be able to login with valid credentials" line="16">
<kw name="Run Keywords" library="BuiltIn" type="SETUP">
<arg>Open Flights application</arg>
<arg>AND</arg>
<arg>Login With Valid Credentials</arg>
<doc>Executes all the given keywords in a sequence.</doc>
<kw name="Open Flights application" library="base">
<kw name="Open Application" library="AppiumLibrary">
<arg>remote_url=${REMOTE_URL}</arg>
<arg>platformName=${PLATFORM_NAME}</arg>
<arg>platformVersion=${PLATFORM_VERSION}</arg>
<arg>deviceName=${DEVICE_NAME}</arg>
<arg>appPackage=${APP_PACKAGE}</arg>
<arg>appActivity=${APP_ACTIVITY}</arg>
<doc>Opens a new application to given Appium server.
Capabilities of appium server, Android and iOS,
Please check https://github.com/appium/appium/blob/master/docs/en/writing-running-appium/server-args.md
| *Option*            | *Man.* | *Description*     |
| remote_url          | Yes    | Appium server url |
| alias               | no     | alias             |
| strict_ssl          | No     | allows you to send commands to an invalid certificate host like a self-signed one. |</doc>
<status status="PASS" starttime="20240109 23:03:09.954" endtime="20240109 23:03:18.104"/>
</kw>
<status status="PASS" starttime="20240109 23:03:09.953" endtime="20240109 23:03:18.105"/>
</kw>
<kw name="Login With Valid Credentials" library="loginPage">
<kw name="Verify Home Page Appears" library="homePage">
<kw name="Wait Until Element Is Visible" library="AppiumLibrary">
<arg>${logoHomePage}</arg>
<doc>Waits until element specified with `locator` is visible.</doc>
<msg timestamp="20240109 23:03:19.381" level="INFO">xpath criteria: //android.widget.ImageView[@resource-id="com.example.myapplication:id/imageView4"]</msg>
<status status="PASS" starttime="20240109 23:03:18.108" endtime="20240109 23:03:19.383"/>
</kw>
<status status="PASS" starttime="20240109 23:03:18.107" endtime="20240109 23:03:19.383"/>
</kw>
<kw name="Click Sign In Button On Home Page" library="homePage">
<kw name="Wait Until Element Is Visible" library="AppiumLibrary">
<arg>${signInButtonHomePage}</arg>
<doc>Waits until element specified with `locator` is visible.</doc>
<msg timestamp="20240109 23:03:19.655" level="INFO">xpath criteria: //android.widget.Button[@resource-id="com.example.myapplication:id/login"]</msg>
<status status="PASS" starttime="20240109 23:03:19.384" endtime="20240109 23:03:19.656"/>
</kw>
<kw name="Click Element" library="AppiumLibrary">
<arg>${signInButtonHomePage}</arg>
<doc>Click element identified by `locator`.</doc>
<msg timestamp="20240109 23:03:19.658" level="INFO">Clicking element '//android.widget.Button[@resource-id="com.example.myapplication:id/login"]'.</msg>
<msg timestamp="20240109 23:03:19.849" level="INFO">xpath criteria: //android.widget.Button[@resource-id="com.example.myapplication:id/login"]</msg>
<status status="PASS" starttime="20240109 23:03:19.656" endtime="20240109 23:03:19.850"/>
</kw>
<status status="PASS" starttime="20240109 23:03:19.384" endtime="20240109 23:03:19.850"/>
</kw>
<kw name="Verify Login Appears" library="loginPage">
<kw name="Wait Until Element Is Visible" library="AppiumLibrary">
<arg>${emailInputLoginPage}</arg>
<doc>Waits until element specified with `locator` is visible.</doc>
<msg timestamp="20240109 23:03:21.213" level="INFO">xpath criteria: //android.widget.EditText[@resource-id="com.example.myapplication:id/username"]
xpath criteria: //android.widget.EditText[@resource-id="com.example.myapplication:id/username"]</msg>
<status status="PASS" starttime="20240109 23:03:19.850" endtime="20240109 23:03:21.214"/>
</kw>
<kw name="Wait Until Element Is Visible" library="AppiumLibrary">
<arg>${passwordinputLoginPage}</arg>
<doc>Waits until element specified with `locator` is visible.</doc>
<msg timestamp="20240109 23:03:21.336" level="INFO">xpath criteria: //android.widget.EditText[@resource-id="com.example.myapplication:id/password"]</msg>
<status status="PASS" starttime="20240109 23:03:21.214" endtime="20240109 23:03:21.336"/>
</kw>
<kw name="Wait Until Element Is Visible" library="AppiumLibrary">
<arg>${signInButtonLoginPage}</arg>
<doc>Waits until element specified with `locator` is visible.</doc>
<msg timestamp="20240109 23:03:21.457" level="INFO">xpath criteria: //android.widget.Button[@resource-id="com.example.myapplication:id/signIn"]</msg>
<status status="PASS" starttime="20240109 23:03:21.337" endtime="20240109 23:03:21.459"/>
</kw>
<status status="PASS" starttime="20240109 23:03:19.850" endtime="20240109 23:03:21.459"/>
</kw>
<kw name="Input User Email on Login Page" library="loginPage">
<arg>${email}</arg>
<kw name="Input Text" library="AppiumLibrary">
<arg>${emailInputLoginPage}</arg>
<arg>${email}</arg>
<doc>Types the given `text` into text field identified by `locator`.</doc>
<msg timestamp="20240109 23:03:21.462" level="INFO">Typing text 'support@ngendigital.com' into text field '//android.widget.EditText[@resource-id="com.example.myapplication:id/username"]'</msg>
<msg timestamp="20240109 23:03:21.615" level="INFO">xpath criteria: //android.widget.EditText[@resource-id="com.example.myapplication:id/username"]</msg>
<status status="PASS" starttime="20240109 23:03:21.461" endtime="20240109 23:03:21.615"/>
</kw>
<status status="PASS" starttime="20240109 23:03:21.460" endtime="20240109 23:03:21.616"/>
</kw>
<kw name="Input User password on Login Page" library="loginPage">
<arg>${password}</arg>
<kw name="Input Text" library="AppiumLibrary">
<arg>${passwordinputLoginPage}</arg>
<arg>${password}</arg>
<doc>Types the given `text` into text field identified by `locator`.</doc>
<msg timestamp="20240109 23:03:21.618" level="INFO">Typing text 'abc123' into text field '//android.widget.EditText[@resource-id="com.example.myapplication:id/password"]'</msg>
<msg timestamp="20240109 23:03:22.396" level="INFO">xpath criteria: //android.widget.EditText[@resource-id="com.example.myapplication:id/password"]</msg>
<status status="PASS" starttime="20240109 23:03:21.617" endtime="20240109 23:03:22.397"/>
</kw>
<status status="PASS" starttime="20240109 23:03:21.616" endtime="20240109 23:03:22.397"/>
</kw>
<kw name="Click Sign In Button on Login Page" library="loginPage">
<kw name="Click Element" library="AppiumLibrary">
<arg>${signInButtonLoginPage}</arg>
<doc>Click element identified by `locator`.</doc>
<msg timestamp="20240109 23:03:22.400" level="INFO">Clicking element '//android.widget.Button[@resource-id="com.example.myapplication:id/signIn"]'.</msg>
<msg timestamp="20240109 23:03:23.021" level="INFO">xpath criteria: //android.widget.Button[@resource-id="com.example.myapplication:id/signIn"]</msg>
<status status="PASS" starttime="20240109 23:03:22.398" endtime="20240109 23:03:23.022"/>
</kw>
<status status="PASS" starttime="20240109 23:03:22.397" endtime="20240109 23:03:23.022"/>
</kw>
<status status="PASS" starttime="20240109 23:03:18.106" endtime="20240109 23:03:23.022"/>
</kw>
<status status="PASS" starttime="20240109 23:03:09.953" endtime="20240109 23:03:23.022"/>
</kw>
<kw name="Verify Home Page Appears" library="homePage">
<kw name="Wait Until Element Is Visible" library="AppiumLibrary">
<arg>${logoHomePage}</arg>
<doc>Waits until element specified with `locator` is visible.</doc>
<msg timestamp="20240109 23:03:24.254" level="INFO">xpath criteria: //android.widget.ImageView[@resource-id="com.example.myapplication:id/imageView4"]
xpath criteria: //android.widget.ImageView[@resource-id="com.example.myapplication:id/imageView4"]</msg>
<status status="PASS" starttime="20240109 23:03:23.025" endtime="20240109 23:03:24.254"/>
</kw>
<status status="PASS" starttime="20240109 23:03:23.024" endtime="20240109 23:03:24.254"/>
</kw>
<kw name="Verify User Is Logged In" library="homePage">
<kw name="Wait Until Element Is Visible" library="AppiumLibrary">
<arg>${userNameTextHomePage}</arg>
<doc>Waits until element specified with `locator` is visible.</doc>
<msg timestamp="20240109 23:03:24.483" level="INFO">xpath criteria: //android.widget.TextView[@resource-id="com.example.myapplication:id/textView"]</msg>
<status status="PASS" starttime="20240109 23:03:24.255" endtime="20240109 23:03:24.483"/>
</kw>
<status status="PASS" starttime="20240109 23:03:24.255" endtime="20240109 23:03:24.484"/>
</kw>
<kw name="Close Flights application" library="base" type="TEARDOWN">
<kw name="Close Application" library="AppiumLibrary">
<doc>Closes the current application and also close webdriver session.</doc>
<status status="PASS" starttime="20240109 23:03:24.485" endtime="20240109 23:03:25.427"/>
</kw>
<status status="PASS" starttime="20240109 23:03:24.484" endtime="20240109 23:03:25.428"/>
</kw>
<status status="PASS" starttime="20240109 23:03:09.952" endtime="20240109 23:03:25.432"/>
</test>
<status status="PASS" starttime="20240109 23:03:09.596" endtime="20240109 23:03:25.438"/>
</suite>
<statistics>
<total>
<stat pass="1" fail="0" skip="0">All Tests</stat>
</total>
<tag>
</tag>
<suite>
<stat pass="1" fail="0" skip="0" id="s1" name="loginSuite">loginSuite</stat>
</suite>
</statistics>
<errors>
</errors>
</robot>
