<?xml version="1.0" encoding="UTF-8"?>
<robot generator="Robot 6.1.1 (Python 3.11.4 on win32)" generated="20240110 00:25:11.966" rpa="false" schemaversion="4">
<suite id="s1" name="bookSuite" source="c:\Users\pkpho\proyek\Batch52-Quiz4-Team10\suites\bookSuite.robot">
<test id="s1-t1" name="User should be able to login with valid credentials" line="17">
<kw name="Run Keywords" library="BuiltIn" type="SETUP">
<arg>Open Flights application</arg>
<arg>AND</arg>
<arg>Login With Valid Credentials</arg>
<doc>Executes all the given keywords in a sequence.</doc>
<kw name="Open Flights application" library="base">
<kw name="Open Application" library="AppiumLibrary">
<arg>remote_url=${REMOTE_URL}</arg>
<arg>platformName=${PLATFORM_NAME}</arg>
<arg>platformVersion=${PLATFORM_VERSION}</arg>
<arg>deviceName=${DEVICE_NAME}</arg>
<arg>appPackage=${APP_PACKAGE}</arg>
<arg>appActivity=${APP_ACTIVITY}</arg>
<doc>Opens a new application to given Appium server.
Capabilities of appium server, Android and iOS,
Please check https://github.com/appium/appium/blob/master/docs/en/writing-running-appium/server-args.md
| *Option*            | *Man.* | *Description*     |
| remote_url          | Yes    | Appium server url |
| alias               | no     | alias             |
| strict_ssl          | No     | allows you to send commands to an invalid certificate host like a self-signed one. |</doc>
<status status="PASS" starttime="20240110 00:25:12.638" endtime="20240110 00:25:20.835"/>
</kw>
<status status="PASS" starttime="20240110 00:25:12.638" endtime="20240110 00:25:20.835"/>
</kw>
<kw name="Login With Valid Credentials" library="loginPage">
<kw name="Verify Home Page Appears" library="homePage">
<kw name="Wait Until Element Is Visible" library="AppiumLibrary">
<arg>${logoHomePage}</arg>
<doc>Waits until element specified with `locator` is visible.</doc>
<msg timestamp="20240110 00:25:22.509" level="INFO">xpath criteria: //android.widget.ImageView[@resource-id="com.example.myapplication:id/imageView4"]</msg>
<status status="PASS" starttime="20240110 00:25:20.837" endtime="20240110 00:25:22.527"/>
</kw>
<status status="PASS" starttime="20240110 00:25:20.836" endtime="20240110 00:25:22.527"/>
</kw>
<kw name="Click Sign In Button On Home Page" library="homePage">
<kw name="Wait Until Element Is Visible" library="AppiumLibrary">
<arg>${signInButtonHomePage}</arg>
<doc>Waits until element specified with `locator` is visible.</doc>
<msg timestamp="20240110 00:25:22.702" level="INFO">xpath criteria: //android.widget.Button[@resource-id="com.example.myapplication:id/login"]</msg>
<status status="PASS" starttime="20240110 00:25:22.528" endtime="20240110 00:25:22.706"/>
</kw>
<kw name="Click Element" library="AppiumLibrary">
<arg>${signInButtonHomePage}</arg>
<doc>Click element identified by `locator`.</doc>
<msg timestamp="20240110 00:25:22.708" level="INFO">Clicking element '//android.widget.Button[@resource-id="com.example.myapplication:id/login"]'.</msg>
<msg timestamp="20240110 00:25:22.937" level="INFO">xpath criteria: //android.widget.Button[@resource-id="com.example.myapplication:id/login"]</msg>
<status status="PASS" starttime="20240110 00:25:22.706" endtime="20240110 00:25:22.938"/>
</kw>
<status status="PASS" starttime="20240110 00:25:22.527" endtime="20240110 00:25:22.938"/>
</kw>
<kw name="Verify Login Appears" library="loginPage">
<kw name="Wait Until Element Is Visible" library="AppiumLibrary">
<arg>${emailInputLoginPage}</arg>
<doc>Waits until element specified with `locator` is visible.</doc>
<msg timestamp="20240110 00:25:24.524" level="INFO">xpath criteria: //android.widget.EditText[@resource-id="com.example.myapplication:id/username"]
xpath criteria: //android.widget.EditText[@resource-id="com.example.myapplication:id/username"]</msg>
<status status="PASS" starttime="20240110 00:25:22.938" endtime="20240110 00:25:24.527"/>
</kw>
<kw name="Wait Until Element Is Visible" library="AppiumLibrary">
<arg>${passwordinputLoginPage}</arg>
<doc>Waits until element specified with `locator` is visible.</doc>
<msg timestamp="20240110 00:25:24.684" level="INFO">xpath criteria: //android.widget.EditText[@resource-id="com.example.myapplication:id/password"]</msg>
<status status="PASS" starttime="20240110 00:25:24.527" endtime="20240110 00:25:24.685"/>
</kw>
<kw name="Wait Until Element Is Visible" library="AppiumLibrary">
<arg>${signInButtonLoginPage}</arg>
<doc>Waits until element specified with `locator` is visible.</doc>
<msg timestamp="20240110 00:25:24.841" level="INFO">xpath criteria: //android.widget.Button[@resource-id="com.example.myapplication:id/signIn"]</msg>
<status status="PASS" starttime="20240110 00:25:24.685" endtime="20240110 00:25:24.846"/>
</kw>
<status status="PASS" starttime="20240110 00:25:22.938" endtime="20240110 00:25:24.847"/>
</kw>
<kw name="Input User Email on Login Page" library="loginPage">
<arg>${email}</arg>
<kw name="Input Text" library="AppiumLibrary">
<arg>${emailInputLoginPage}</arg>
<arg>${email}</arg>
<doc>Types the given `text` into text field identified by `locator`.</doc>
<msg timestamp="20240110 00:25:24.852" level="INFO">Typing text 'support@ngendigital.com' into text field '//android.widget.EditText[@resource-id="com.example.myapplication:id/username"]'</msg>
<msg timestamp="20240110 00:25:25.010" level="INFO">xpath criteria: //android.widget.EditText[@resource-id="com.example.myapplication:id/username"]</msg>
<status status="PASS" starttime="20240110 00:25:24.848" endtime="20240110 00:25:25.012"/>
</kw>
<status status="PASS" starttime="20240110 00:25:24.848" endtime="20240110 00:25:25.012"/>
</kw>
<kw name="Input User password on Login Page" library="loginPage">
<arg>${password}</arg>
<kw name="Input Text" library="AppiumLibrary">
<arg>${passwordinputLoginPage}</arg>
<arg>${password}</arg>
<doc>Types the given `text` into text field identified by `locator`.</doc>
<msg timestamp="20240110 00:25:25.016" level="INFO">Typing text 'abc123' into text field '//android.widget.EditText[@resource-id="com.example.myapplication:id/password"]'</msg>
<msg timestamp="20240110 00:25:26.184" level="INFO">xpath criteria: //android.widget.EditText[@resource-id="com.example.myapplication:id/password"]</msg>
<status status="PASS" starttime="20240110 00:25:25.013" endtime="20240110 00:25:26.185"/>
</kw>
<status status="PASS" starttime="20240110 00:25:25.012" endtime="20240110 00:25:26.185"/>
</kw>
<kw name="Click Sign In Button on Login Page" library="loginPage">
<kw name="Click Element" library="AppiumLibrary">
<arg>${signInButtonLoginPage}</arg>
<doc>Click element identified by `locator`.</doc>
<msg timestamp="20240110 00:25:26.187" level="INFO">Clicking element '//android.widget.Button[@resource-id="com.example.myapplication:id/signIn"]'.</msg>
<msg timestamp="20240110 00:25:26.813" level="INFO">xpath criteria: //android.widget.Button[@resource-id="com.example.myapplication:id/signIn"]</msg>
<status status="PASS" starttime="20240110 00:25:26.186" endtime="20240110 00:25:26.814"/>
</kw>
<status status="PASS" starttime="20240110 00:25:26.185" endtime="20240110 00:25:26.815"/>
</kw>
<status status="PASS" starttime="20240110 00:25:20.836" endtime="20240110 00:25:26.817"/>
</kw>
<status status="PASS" starttime="20240110 00:25:12.638" endtime="20240110 00:25:26.818"/>
</kw>
<kw name="Verify Home Page Appears" library="homePage">
<kw name="Wait Until Element Is Visible" library="AppiumLibrary">
<arg>${logoHomePage}</arg>
<doc>Waits until element specified with `locator` is visible.</doc>
<msg timestamp="20240110 00:25:28.170" level="INFO">xpath criteria: //android.widget.ImageView[@resource-id="com.example.myapplication:id/imageView4"]
xpath criteria: //android.widget.ImageView[@resource-id="com.example.myapplication:id/imageView4"]</msg>
<status status="PASS" starttime="20240110 00:25:26.821" endtime="20240110 00:25:28.170"/>
</kw>
<status status="PASS" starttime="20240110 00:25:26.821" endtime="20240110 00:25:28.170"/>
</kw>
<kw name="Verify User Is Logged In" library="homePage">
<kw name="Wait Until Element Is Visible" library="AppiumLibrary">
<arg>${userNameTextHomePage}</arg>
<doc>Waits until element specified with `locator` is visible.</doc>
<msg timestamp="20240110 00:25:28.287" level="INFO">xpath criteria: //android.widget.TextView[@resource-id="com.example.myapplication:id/textView"]</msg>
<status status="PASS" starttime="20240110 00:25:28.171" endtime="20240110 00:25:28.288"/>
</kw>
<status status="PASS" starttime="20240110 00:25:28.171" endtime="20240110 00:25:28.288"/>
</kw>
<status status="PASS" starttime="20240110 00:25:12.637" endtime="20240110 00:25:28.288"/>
</test>
<status status="PASS" starttime="20240110 00:25:11.978" endtime="20240110 00:25:28.290"/>
</suite>
<statistics>
<total>
<stat pass="1" fail="0" skip="0">All Tests</stat>
</total>
<tag>
</tag>
<suite>
<stat pass="1" fail="0" skip="0" id="s1" name="bookSuite">bookSuite</stat>
</suite>
</statistics>
<errors>
</errors>
</robot>
