<?xml version="1.0" encoding="UTF-8"?>
<robot generator="Robot 6.1.1 (Python 3.11.4 on win32)" generated="20240110 00:30:55.518" rpa="false" schemaversion="4">
<suite id="s1" name="bookSuite" source="c:\Users\pkpho\proyek\Batch52-Quiz4-Team10\suites\bookSuite.robot">
<test id="s1-t1" name="User should be able to login with valid credentials" line="17">
<kw name="Run Keywords" library="BuiltIn" type="SETUP">
<arg>Open Flights application</arg>
<arg>AND</arg>
<arg>Login With Valid Credentials</arg>
<doc>Executes all the given keywords in a sequence.</doc>
<kw name="Open Flights application" library="base">
<kw name="Open Application" library="AppiumLibrary">
<arg>remote_url=${REMOTE_URL}</arg>
<arg>platformName=${PLATFORM_NAME}</arg>
<arg>platformVersion=${PLATFORM_VERSION}</arg>
<arg>deviceName=${DEVICE_NAME}</arg>
<arg>appPackage=${APP_PACKAGE}</arg>
<arg>appActivity=${APP_ACTIVITY}</arg>
<doc>Opens a new application to given Appium server.
Capabilities of appium server, Android and iOS,
Please check https://github.com/appium/appium/blob/master/docs/en/writing-running-appium/server-args.md
| *Option*            | *Man.* | *Description*     |
| remote_url          | Yes    | Appium server url |
| alias               | no     | alias             |
| strict_ssl          | No     | allows you to send commands to an invalid certificate host like a self-signed one. |</doc>
<status status="PASS" starttime="20240110 00:30:56.096" endtime="20240110 00:31:05.739"/>
</kw>
<status status="PASS" starttime="20240110 00:30:56.095" endtime="20240110 00:31:05.740"/>
</kw>
<kw name="Login With Valid Credentials" library="loginPage">
<kw name="Verify Home Page Appears" library="homePage">
<kw name="Wait Until Element Is Visible" library="AppiumLibrary">
<arg>${logoHomePage}</arg>
<doc>Waits until element specified with `locator` is visible.</doc>
<msg timestamp="20240110 00:31:07.276" level="INFO">xpath criteria: //android.widget.ImageView[@resource-id="com.example.myapplication:id/imageView4"]</msg>
<status status="PASS" starttime="20240110 00:31:05.741" endtime="20240110 00:31:07.279"/>
</kw>
<status status="PASS" starttime="20240110 00:31:05.741" endtime="20240110 00:31:07.279"/>
</kw>
<kw name="Click Sign In Button On Home Page" library="homePage">
<kw name="Wait Until Element Is Visible" library="AppiumLibrary">
<arg>${signInButtonHomePage}</arg>
<doc>Waits until element specified with `locator` is visible.</doc>
<msg timestamp="20240110 00:31:07.991" level="INFO">xpath criteria: //android.widget.Button[@resource-id="com.example.myapplication:id/login"]</msg>
<status status="PASS" starttime="20240110 00:31:07.280" endtime="20240110 00:31:07.992"/>
</kw>
<kw name="Click Element" library="AppiumLibrary">
<arg>${signInButtonHomePage}</arg>
<doc>Click element identified by `locator`.</doc>
<msg timestamp="20240110 00:31:07.994" level="INFO">Clicking element '//android.widget.Button[@resource-id="com.example.myapplication:id/login"]'.</msg>
<msg timestamp="20240110 00:31:08.274" level="INFO">xpath criteria: //android.widget.Button[@resource-id="com.example.myapplication:id/login"]</msg>
<status status="PASS" starttime="20240110 00:31:07.992" endtime="20240110 00:31:08.274"/>
</kw>
<status status="PASS" starttime="20240110 00:31:07.279" endtime="20240110 00:31:08.274"/>
</kw>
<kw name="Verify Login Appears" library="loginPage">
<kw name="Wait Until Element Is Visible" library="AppiumLibrary">
<arg>${emailInputLoginPage}</arg>
<doc>Waits until element specified with `locator` is visible.</doc>
<msg timestamp="20240110 00:31:09.597" level="INFO">xpath criteria: //android.widget.EditText[@resource-id="com.example.myapplication:id/username"]
xpath criteria: //android.widget.EditText[@resource-id="com.example.myapplication:id/username"]</msg>
<status status="PASS" starttime="20240110 00:31:08.275" endtime="20240110 00:31:09.598"/>
</kw>
<kw name="Wait Until Element Is Visible" library="AppiumLibrary">
<arg>${passwordinputLoginPage}</arg>
<doc>Waits until element specified with `locator` is visible.</doc>
<msg timestamp="20240110 00:31:09.721" level="INFO">xpath criteria: //android.widget.EditText[@resource-id="com.example.myapplication:id/password"]</msg>
<status status="PASS" starttime="20240110 00:31:09.598" endtime="20240110 00:31:09.721"/>
</kw>
<kw name="Wait Until Element Is Visible" library="AppiumLibrary">
<arg>${signInButtonLoginPage}</arg>
<doc>Waits until element specified with `locator` is visible.</doc>
<msg timestamp="20240110 00:31:09.861" level="INFO">xpath criteria: //android.widget.Button[@resource-id="com.example.myapplication:id/signIn"]</msg>
<status status="PASS" starttime="20240110 00:31:09.722" endtime="20240110 00:31:09.861"/>
</kw>
<status status="PASS" starttime="20240110 00:31:08.275" endtime="20240110 00:31:09.861"/>
</kw>
<kw name="Input User Email on Login Page" library="loginPage">
<arg>${email}</arg>
<kw name="Input Text" library="AppiumLibrary">
<arg>${emailInputLoginPage}</arg>
<arg>${email}</arg>
<doc>Types the given `text` into text field identified by `locator`.</doc>
<msg timestamp="20240110 00:31:09.865" level="INFO">Typing text 'support@ngendigital.com' into text field '//android.widget.EditText[@resource-id="com.example.myapplication:id/username"]'</msg>
<msg timestamp="20240110 00:31:10.429" level="INFO">xpath criteria: //android.widget.EditText[@resource-id="com.example.myapplication:id/username"]</msg>
<status status="PASS" starttime="20240110 00:31:09.863" endtime="20240110 00:31:10.429"/>
</kw>
<status status="PASS" starttime="20240110 00:31:09.862" endtime="20240110 00:31:10.429"/>
</kw>
<kw name="Input User password on Login Page" library="loginPage">
<arg>${password}</arg>
<kw name="Input Text" library="AppiumLibrary">
<arg>${passwordinputLoginPage}</arg>
<arg>${password}</arg>
<doc>Types the given `text` into text field identified by `locator`.</doc>
<msg timestamp="20240110 00:31:10.431" level="INFO">Typing text 'abc123' into text field '//android.widget.EditText[@resource-id="com.example.myapplication:id/password"]'</msg>
<msg timestamp="20240110 00:31:11.077" level="INFO">xpath criteria: //android.widget.EditText[@resource-id="com.example.myapplication:id/password"]</msg>
<status status="PASS" starttime="20240110 00:31:10.430" endtime="20240110 00:31:11.078"/>
</kw>
<status status="PASS" starttime="20240110 00:31:10.430" endtime="20240110 00:31:11.079"/>
</kw>
<kw name="Click Sign In Button on Login Page" library="loginPage">
<kw name="Click Element" library="AppiumLibrary">
<arg>${signInButtonLoginPage}</arg>
<doc>Click element identified by `locator`.</doc>
<msg timestamp="20240110 00:31:11.083" level="INFO">Clicking element '//android.widget.Button[@resource-id="com.example.myapplication:id/signIn"]'.</msg>
<msg timestamp="20240110 00:31:11.671" level="INFO">xpath criteria: //android.widget.Button[@resource-id="com.example.myapplication:id/signIn"]</msg>
<status status="PASS" starttime="20240110 00:31:11.079" endtime="20240110 00:31:11.672"/>
</kw>
<status status="PASS" starttime="20240110 00:31:11.079" endtime="20240110 00:31:11.672"/>
</kw>
<status status="PASS" starttime="20240110 00:31:05.740" endtime="20240110 00:31:11.672"/>
</kw>
<status status="PASS" starttime="20240110 00:30:56.095" endtime="20240110 00:31:11.672"/>
</kw>
<kw name="Verify Home Page Appears" library="homePage">
<kw name="Wait Until Element Is Visible" library="AppiumLibrary">
<arg>${logoHomePage}</arg>
<doc>Waits until element specified with `locator` is visible.</doc>
<msg timestamp="20240110 00:31:12.879" level="INFO">xpath criteria: //android.widget.ImageView[@resource-id="com.example.myapplication:id/imageView4"]
xpath criteria: //android.widget.ImageView[@resource-id="com.example.myapplication:id/imageView4"]</msg>
<status status="PASS" starttime="20240110 00:31:11.674" endtime="20240110 00:31:12.880"/>
</kw>
<status status="PASS" starttime="20240110 00:31:11.673" endtime="20240110 00:31:12.880"/>
</kw>
<kw name="Verify User Is Logged In" library="homePage">
<kw name="Wait Until Element Is Visible" library="AppiumLibrary">
<arg>${userNameTextHomePage}</arg>
<doc>Waits until element specified with `locator` is visible.</doc>
<msg timestamp="20240110 00:31:13.013" level="INFO">xpath criteria: //android.widget.TextView[@resource-id="com.example.myapplication:id/textView"]</msg>
<status status="PASS" starttime="20240110 00:31:12.880" endtime="20240110 00:31:13.013"/>
</kw>
<status status="PASS" starttime="20240110 00:31:12.880" endtime="20240110 00:31:13.013"/>
</kw>
<status status="PASS" starttime="20240110 00:30:56.094" endtime="20240110 00:31:13.014"/>
</test>
<status status="PASS" starttime="20240110 00:30:55.540" endtime="20240110 00:31:13.016"/>
</suite>
<statistics>
<total>
<stat pass="1" fail="0" skip="0">All Tests</stat>
</total>
<tag>
</tag>
<suite>
<stat pass="1" fail="0" skip="0" id="s1" name="bookSuite">bookSuite</stat>
</suite>
</statistics>
<errors>
</errors>
</robot>
