<?xml version="1.0" encoding="UTF-8"?>
<robot generator="Robot 6.1.1 (Python 3.11.4 on win32)" generated="20240110 23:36:59.986" rpa="false" schemaversion="4">
<suite id="s1" name="playSuite" source="c:\Users\pkpho\proyek\Batch52-Quiz4-Team10\suites\playSuite.robot">
<test id="s1-t1" name="Login Test Case" line="14">
<kw name="Run Keywords" library="BuiltIn" type="SETUP">
<arg>Open Flights application</arg>
<arg>AND</arg>
<arg>Login With Valid Credentials</arg>
<doc>Executes all the given keywords in a sequence.</doc>
<kw name="Open Flights application" library="base">
<kw name="Open Application" library="AppiumLibrary">
<arg>remote_url=${REMOTE_URL}</arg>
<arg>platformName=${PLATFORM_NAME}</arg>
<arg>platformVersion=${PLATFORM_VERSION}</arg>
<arg>deviceName=${DEVICE_NAME}</arg>
<arg>appPackage=${APP_PACKAGE}</arg>
<arg>appActivity=${APP_ACTIVITY}</arg>
<doc>Opens a new application to given Appium server.
Capabilities of appium server, Android and iOS,
Please check https://github.com/appium/appium/blob/master/docs/en/writing-running-appium/server-args.md
| *Option*            | *Man.* | *Description*     |
| remote_url          | Yes    | Appium server url |
| alias               | no     | alias             |
| strict_ssl          | No     | allows you to send commands to an invalid certificate host like a self-signed one. |</doc>
<status status="PASS" starttime="20240110 23:37:00.395" endtime="20240110 23:37:13.302"/>
</kw>
<status status="PASS" starttime="20240110 23:37:00.394" endtime="20240110 23:37:13.303"/>
</kw>
<kw name="Login With Valid Credentials" library="loginPage">
<kw name="Verify Home Page Appears" library="homePage">
<kw name="Wait Until Element Is Visible" library="AppiumLibrary">
<arg>${logoHomePage}</arg>
<doc>Waits until element specified with `locator` is visible.</doc>
<msg timestamp="20240110 23:37:14.507" level="INFO">xpath criteria: //android.widget.ImageView[@resource-id="com.example.myapplication:id/imageView4"]</msg>
<status status="PASS" starttime="20240110 23:37:13.304" endtime="20240110 23:37:14.508"/>
</kw>
<status status="PASS" starttime="20240110 23:37:13.303" endtime="20240110 23:37:14.508"/>
</kw>
<kw name="Click Sign In Button On Home Page" library="homePage">
<kw name="Wait Until Element Is Visible" library="AppiumLibrary">
<arg>${signInButtonHomePage}</arg>
<doc>Waits until element specified with `locator` is visible.</doc>
<msg timestamp="20240110 23:37:14.691" level="INFO">xpath criteria: //android.widget.Button[@resource-id="com.example.myapplication:id/login"]</msg>
<status status="PASS" starttime="20240110 23:37:14.509" endtime="20240110 23:37:14.691"/>
</kw>
<kw name="Click Element" library="AppiumLibrary">
<arg>${signInButtonHomePage}</arg>
<doc>Click element identified by `locator`.</doc>
<msg timestamp="20240110 23:37:14.694" level="INFO">Clicking element '//android.widget.Button[@resource-id="com.example.myapplication:id/login"]'.</msg>
<msg timestamp="20240110 23:37:15.447" level="INFO">xpath criteria: //android.widget.Button[@resource-id="com.example.myapplication:id/login"]</msg>
<status status="PASS" starttime="20240110 23:37:14.692" endtime="20240110 23:37:15.448"/>
</kw>
<status status="PASS" starttime="20240110 23:37:14.508" endtime="20240110 23:37:15.448"/>
</kw>
<kw name="Verify Login Appears" library="loginPage">
<kw name="Wait Until Element Is Visible" library="AppiumLibrary">
<arg>${emailInputLoginPage}</arg>
<doc>Waits until element specified with `locator` is visible.</doc>
<msg timestamp="20240110 23:37:16.823" level="INFO">xpath criteria: //android.widget.EditText[@resource-id="com.example.myapplication:id/username"]
xpath criteria: //android.widget.EditText[@resource-id="com.example.myapplication:id/username"]</msg>
<status status="PASS" starttime="20240110 23:37:15.448" endtime="20240110 23:37:16.824"/>
</kw>
<kw name="Wait Until Element Is Visible" library="AppiumLibrary">
<arg>${passwordinputLoginPage}</arg>
<doc>Waits until element specified with `locator` is visible.</doc>
<msg timestamp="20240110 23:37:16.940" level="INFO">xpath criteria: //android.widget.EditText[@resource-id="com.example.myapplication:id/password"]</msg>
<status status="PASS" starttime="20240110 23:37:16.825" endtime="20240110 23:37:16.941"/>
</kw>
<kw name="Wait Until Element Is Visible" library="AppiumLibrary">
<arg>${signInButtonLoginPage}</arg>
<doc>Waits until element specified with `locator` is visible.</doc>
<msg timestamp="20240110 23:37:17.518" level="INFO">xpath criteria: //android.widget.Button[@resource-id="com.example.myapplication:id/signIn"]</msg>
<status status="PASS" starttime="20240110 23:37:16.941" endtime="20240110 23:37:17.518"/>
</kw>
<status status="PASS" starttime="20240110 23:37:15.448" endtime="20240110 23:37:17.519"/>
</kw>
<kw name="Input User Email on Login Page" library="loginPage">
<arg>${email}</arg>
<kw name="Input Text" library="AppiumLibrary">
<arg>${emailInputLoginPage}</arg>
<arg>${email}</arg>
<doc>Types the given `text` into text field identified by `locator`.</doc>
<msg timestamp="20240110 23:37:17.521" level="INFO">Typing text 'support@ngendigital.com' into text field '//android.widget.EditText[@resource-id="com.example.myapplication:id/username"]'</msg>
<msg timestamp="20240110 23:37:17.678" level="INFO">xpath criteria: //android.widget.EditText[@resource-id="com.example.myapplication:id/username"]</msg>
<status status="PASS" starttime="20240110 23:37:17.519" endtime="20240110 23:37:17.678"/>
</kw>
<status status="PASS" starttime="20240110 23:37:17.519" endtime="20240110 23:37:17.678"/>
</kw>
<kw name="Input User password on Login Page" library="loginPage">
<arg>${password}</arg>
<kw name="Input Text" library="AppiumLibrary">
<arg>${passwordinputLoginPage}</arg>
<arg>${password}</arg>
<doc>Types the given `text` into text field identified by `locator`.</doc>
<msg timestamp="20240110 23:37:17.681" level="INFO">Typing text 'abc123' into text field '//android.widget.EditText[@resource-id="com.example.myapplication:id/password"]'</msg>
<msg timestamp="20240110 23:37:18.366" level="INFO">xpath criteria: //android.widget.EditText[@resource-id="com.example.myapplication:id/password"]</msg>
<status status="PASS" starttime="20240110 23:37:17.679" endtime="20240110 23:37:18.369"/>
</kw>
<status status="PASS" starttime="20240110 23:37:17.678" endtime="20240110 23:37:18.370"/>
</kw>
<kw name="Click Sign In Button on Login Page" library="loginPage">
<kw name="Click Element" library="AppiumLibrary">
<arg>${signInButtonLoginPage}</arg>
<doc>Click element identified by `locator`.</doc>
<msg timestamp="20240110 23:37:18.375" level="INFO">Clicking element '//android.widget.Button[@resource-id="com.example.myapplication:id/signIn"]'.</msg>
<msg timestamp="20240110 23:37:19.184" level="INFO">xpath criteria: //android.widget.Button[@resource-id="com.example.myapplication:id/signIn"]</msg>
<status status="PASS" starttime="20240110 23:37:18.372" endtime="20240110 23:37:19.185"/>
</kw>
<status status="PASS" starttime="20240110 23:37:18.370" endtime="20240110 23:37:19.186"/>
</kw>
<status status="PASS" starttime="20240110 23:37:13.303" endtime="20240110 23:37:19.186"/>
</kw>
<status status="PASS" starttime="20240110 23:37:00.394" endtime="20240110 23:37:19.186"/>
</kw>
<kw name="Verify Home Page Appears" library="homePage">
<kw name="Wait Until Element Is Visible" library="AppiumLibrary">
<arg>${logoHomePage}</arg>
<doc>Waits until element specified with `locator` is visible.</doc>
<msg timestamp="20240110 23:37:20.662" level="INFO">xpath criteria: //android.widget.ImageView[@resource-id="com.example.myapplication:id/imageView4"]</msg>
<status status="PASS" starttime="20240110 23:37:19.231" endtime="20240110 23:37:20.665"/>
</kw>
<status status="PASS" starttime="20240110 23:37:19.231" endtime="20240110 23:37:20.666"/>
</kw>
<kw name="Verify User Is Logged In" library="homePage">
<kw name="Wait Until Element Is Visible" library="AppiumLibrary">
<arg>${userNameTextHomePage}</arg>
<doc>Waits until element specified with `locator` is visible.</doc>
<msg timestamp="20240110 23:37:21.837" level="INFO">xpath criteria: //android.widget.TextView[@resource-id="com.example.myapplication:id/textView"]</msg>
<status status="PASS" starttime="20240110 23:37:20.882" endtime="20240110 23:37:21.838"/>
</kw>
<status status="PASS" starttime="20240110 23:37:20.879" endtime="20240110 23:37:21.838"/>
</kw>
<kw name="Close Flights application" library="base" type="TEARDOWN">
<kw name="Close Application" library="AppiumLibrary">
<doc>Closes the current application and also close webdriver session.</doc>
<status status="PASS" starttime="20240110 23:37:21.840" endtime="20240110 23:37:23.796"/>
</kw>
<status status="PASS" starttime="20240110 23:37:21.839" endtime="20240110 23:37:23.797"/>
</kw>
<status status="PASS" starttime="20240110 23:37:00.392" endtime="20240110 23:37:23.797"/>
</test>
<status status="PASS" starttime="20240110 23:36:59.997" endtime="20240110 23:37:23.798"/>
</suite>
<statistics>
<total>
<stat pass="1" fail="0" skip="0">All Tests</stat>
</total>
<tag>
</tag>
<suite>
<stat pass="1" fail="0" skip="0" id="s1" name="playSuite">playSuite</stat>
</suite>
</statistics>
<errors>
<msg timestamp="20240110 23:37:00.379" level="ERROR">Error in file 'c:\Users\pkpho\proyek\Batch52-Quiz4-Team10\suites\loginSuite.robot' on line 6: Setting 'Test Setup' is not allowed in resource file.</msg>
<msg timestamp="20240110 23:37:00.381" level="ERROR">Error in file 'c:\Users\pkpho\proyek\Batch52-Quiz4-Team10\suites\loginSuite.robot' on line 9: Setting 'Test Teardown' is not allowed in resource file.</msg>
<msg timestamp="20240110 23:37:00.383" level="ERROR">Error in file 'c:\Users\pkpho\proyek\Batch52-Quiz4-Team10\suites\playSuite.robot' on line 6: Error in file 'c:\Users\pkpho\proyek\Batch52-Quiz4-Team10\suites\loginSuite.robot' on line 15: Resource file with 'Test Cases' section is invalid.</msg>
</errors>
</robot>
