<?xml version="1.0" encoding="UTF-8"?>
<robot generator="Robot 6.1.1 (Python 3.11.4 on win32)" generated="20240110 23:44:10.435" rpa="false" schemaversion="4">
<suite id="s1" name="playSuite" source="C:\Users\pkpho\proyek\Batch52-Quiz4-Team10\suites\playSuite.robot">
<test id="s1-t1" name="Login Test Case" line="14">
<kw name="Run Keywords" library="BuiltIn" type="SETUP">
<arg>Open Flights application</arg>
<arg>AND</arg>
<arg>Login With Valid Credentials</arg>
<doc>Executes all the given keywords in a sequence.</doc>
<kw name="Open Flights application" library="base">
<kw name="Open Application" library="AppiumLibrary">
<arg>remote_url=${REMOTE_URL}</arg>
<arg>platformName=${PLATFORM_NAME}</arg>
<arg>platformVersion=${PLATFORM_VERSION}</arg>
<arg>deviceName=${DEVICE_NAME}</arg>
<arg>appPackage=${APP_PACKAGE}</arg>
<arg>appActivity=${APP_ACTIVITY}</arg>
<doc>Opens a new application to given Appium server.
Capabilities of appium server, Android and iOS,
Please check https://github.com/appium/appium/blob/master/docs/en/writing-running-appium/server-args.md
| *Option*            | *Man.* | *Description*     |
| remote_url          | Yes    | Appium server url |
| alias               | no     | alias             |
| strict_ssl          | No     | allows you to send commands to an invalid certificate host like a self-signed one. |</doc>
<status status="PASS" starttime="20240110 23:44:10.928" endtime="20240110 23:44:21.719"/>
</kw>
<status status="PASS" starttime="20240110 23:44:10.928" endtime="20240110 23:44:21.719"/>
</kw>
<kw name="Login With Valid Credentials" library="loginPage">
<kw name="Verify Home Page Appears" library="homePage">
<kw name="Wait Until Element Is Visible" library="AppiumLibrary">
<arg>${logoHomePage}</arg>
<doc>Waits until element specified with `locator` is visible.</doc>
<msg timestamp="20240110 23:44:23.040" level="INFO">xpath criteria: //android.widget.ImageView[@resource-id="com.example.myapplication:id/imageView4"]</msg>
<status status="PASS" starttime="20240110 23:44:21.720" endtime="20240110 23:44:23.041"/>
</kw>
<status status="PASS" starttime="20240110 23:44:21.720" endtime="20240110 23:44:23.041"/>
</kw>
<kw name="Click Sign In Button On Home Page" library="homePage">
<kw name="Wait Until Element Is Visible" library="AppiumLibrary">
<arg>${signInButtonHomePage}</arg>
<doc>Waits until element specified with `locator` is visible.</doc>
<msg timestamp="20240110 23:44:23.191" level="INFO">xpath criteria: //android.widget.Button[@resource-id="com.example.myapplication:id/login"]</msg>
<status status="PASS" starttime="20240110 23:44:23.041" endtime="20240110 23:44:23.193"/>
</kw>
<kw name="Click Element" library="AppiumLibrary">
<arg>${signInButtonHomePage}</arg>
<doc>Click element identified by `locator`.</doc>
<msg timestamp="20240110 23:44:23.195" level="INFO">Clicking element '//android.widget.Button[@resource-id="com.example.myapplication:id/login"]'.</msg>
<msg timestamp="20240110 23:44:23.389" level="INFO">xpath criteria: //android.widget.Button[@resource-id="com.example.myapplication:id/login"]</msg>
<status status="PASS" starttime="20240110 23:44:23.193" endtime="20240110 23:44:23.389"/>
</kw>
<status status="PASS" starttime="20240110 23:44:23.041" endtime="20240110 23:44:23.389"/>
</kw>
<kw name="Verify Login Appears" library="loginPage">
<kw name="Wait Until Element Is Visible" library="AppiumLibrary">
<arg>${emailInputLoginPage}</arg>
<doc>Waits until element specified with `locator` is visible.</doc>
<msg timestamp="20240110 23:44:24.904" level="INFO">xpath criteria: //android.widget.EditText[@resource-id="com.example.myapplication:id/username"]
xpath criteria: //android.widget.EditText[@resource-id="com.example.myapplication:id/username"]</msg>
<status status="PASS" starttime="20240110 23:44:23.389" endtime="20240110 23:44:24.904"/>
</kw>
<kw name="Wait Until Element Is Visible" library="AppiumLibrary">
<arg>${passwordinputLoginPage}</arg>
<doc>Waits until element specified with `locator` is visible.</doc>
<msg timestamp="20240110 23:44:25.213" level="INFO">xpath criteria: //android.widget.EditText[@resource-id="com.example.myapplication:id/password"]</msg>
<status status="PASS" starttime="20240110 23:44:24.904" endtime="20240110 23:44:25.213"/>
</kw>
<kw name="Wait Until Element Is Visible" library="AppiumLibrary">
<arg>${signInButtonLoginPage}</arg>
<doc>Waits until element specified with `locator` is visible.</doc>
<msg timestamp="20240110 23:44:26.021" level="INFO">xpath criteria: //android.widget.Button[@resource-id="com.example.myapplication:id/signIn"]</msg>
<status status="PASS" starttime="20240110 23:44:25.213" endtime="20240110 23:44:26.021"/>
</kw>
<status status="PASS" starttime="20240110 23:44:23.389" endtime="20240110 23:44:26.021"/>
</kw>
<kw name="Input User Email on Login Page" library="loginPage">
<arg>${email}</arg>
<kw name="Input Text" library="AppiumLibrary">
<arg>${emailInputLoginPage}</arg>
<arg>${email}</arg>
<doc>Types the given `text` into text field identified by `locator`.</doc>
<msg timestamp="20240110 23:44:26.026" level="INFO">Typing text 'support@ngendigital.com' into text field '//android.widget.EditText[@resource-id="com.example.myapplication:id/username"]'</msg>
<msg timestamp="20240110 23:44:26.485" level="INFO">xpath criteria: //android.widget.EditText[@resource-id="com.example.myapplication:id/username"]</msg>
<status status="PASS" starttime="20240110 23:44:26.022" endtime="20240110 23:44:26.486"/>
</kw>
<status status="PASS" starttime="20240110 23:44:26.022" endtime="20240110 23:44:26.486"/>
</kw>
<kw name="Input User password on Login Page" library="loginPage">
<arg>${password}</arg>
<kw name="Input Text" library="AppiumLibrary">
<arg>${passwordinputLoginPage}</arg>
<arg>${password}</arg>
<doc>Types the given `text` into text field identified by `locator`.</doc>
<msg timestamp="20240110 23:44:26.490" level="INFO">Typing text 'abc123' into text field '//android.widget.EditText[@resource-id="com.example.myapplication:id/password"]'</msg>
<msg timestamp="20240110 23:44:27.681" level="INFO">xpath criteria: //android.widget.EditText[@resource-id="com.example.myapplication:id/password"]</msg>
<status status="PASS" starttime="20240110 23:44:26.486" endtime="20240110 23:44:27.682"/>
</kw>
<status status="PASS" starttime="20240110 23:44:26.486" endtime="20240110 23:44:27.682"/>
</kw>
<kw name="Click Sign In Button on Login Page" library="loginPage">
<kw name="Click Element" library="AppiumLibrary">
<arg>${signInButtonLoginPage}</arg>
<doc>Click element identified by `locator`.</doc>
<msg timestamp="20240110 23:44:27.684" level="INFO">Clicking element '//android.widget.Button[@resource-id="com.example.myapplication:id/signIn"]'.</msg>
<msg timestamp="20240110 23:44:29.308" level="INFO">xpath criteria: //android.widget.Button[@resource-id="com.example.myapplication:id/signIn"]</msg>
<status status="PASS" starttime="20240110 23:44:27.683" endtime="20240110 23:44:29.308"/>
</kw>
<status status="PASS" starttime="20240110 23:44:27.682" endtime="20240110 23:44:29.308"/>
</kw>
<status status="PASS" starttime="20240110 23:44:21.719" endtime="20240110 23:44:29.308"/>
</kw>
<status status="PASS" starttime="20240110 23:44:10.928" endtime="20240110 23:44:29.308"/>
</kw>
<kw name="Verify Home Page Appears" library="homePage">
<kw name="Wait Until Element Is Visible" library="AppiumLibrary">
<arg>${logoHomePage}</arg>
<doc>Waits until element specified with `locator` is visible.</doc>
<msg timestamp="20240110 23:44:30.938" level="INFO">xpath criteria: //android.widget.ImageView[@resource-id="com.example.myapplication:id/imageView4"]</msg>
<status status="PASS" starttime="20240110 23:44:29.316" endtime="20240110 23:44:30.938"/>
</kw>
<status status="PASS" starttime="20240110 23:44:29.315" endtime="20240110 23:44:30.938"/>
</kw>
<kw name="Verify User Is Logged In" library="homePage">
<kw name="Wait Until Element Is Visible" library="AppiumLibrary">
<arg>${userNameTextHomePage}</arg>
<doc>Waits until element specified with `locator` is visible.</doc>
<msg timestamp="20240110 23:44:31.260" level="INFO">xpath criteria: //android.widget.TextView[@resource-id="com.example.myapplication:id/textView"]</msg>
<status status="PASS" starttime="20240110 23:44:30.938" endtime="20240110 23:44:31.260"/>
</kw>
<status status="PASS" starttime="20240110 23:44:30.938" endtime="20240110 23:44:31.261"/>
</kw>
<kw name="Close Flights application" library="base" type="TEARDOWN">
<kw name="Close Application" library="AppiumLibrary">
<doc>Closes the current application and also close webdriver session.</doc>
<status status="PASS" starttime="20240110 23:44:31.266" endtime="20240110 23:44:31.971"/>
</kw>
<status status="PASS" starttime="20240110 23:44:31.266" endtime="20240110 23:44:31.971"/>
</kw>
<status status="PASS" starttime="20240110 23:44:10.927" endtime="20240110 23:44:31.988"/>
</test>
<test id="s1-t2" name="Book Test Case" line="18">
<kw name="Run Keywords" library="BuiltIn" type="SETUP">
<arg>Open Flights application</arg>
<arg>AND</arg>
<arg>Login With Valid Credentials</arg>
<doc>Executes all the given keywords in a sequence.</doc>
<kw name="Open Flights application" library="base">
<kw name="Open Application" library="AppiumLibrary">
<arg>remote_url=${REMOTE_URL}</arg>
<arg>platformName=${PLATFORM_NAME}</arg>
<arg>platformVersion=${PLATFORM_VERSION}</arg>
<arg>deviceName=${DEVICE_NAME}</arg>
<arg>appPackage=${APP_PACKAGE}</arg>
<arg>appActivity=${APP_ACTIVITY}</arg>
<doc>Opens a new application to given Appium server.
Capabilities of appium server, Android and iOS,
Please check https://github.com/appium/appium/blob/master/docs/en/writing-running-appium/server-args.md
| *Option*            | *Man.* | *Description*     |
| remote_url          | Yes    | Appium server url |
| alias               | no     | alias             |
| strict_ssl          | No     | allows you to send commands to an invalid certificate host like a self-signed one. |</doc>
<status status="PASS" starttime="20240110 23:44:31.991" endtime="20240110 23:44:45.407"/>
</kw>
<status status="PASS" starttime="20240110 23:44:31.990" endtime="20240110 23:44:45.407"/>
</kw>
<kw name="Login With Valid Credentials" library="loginPage">
<kw name="Verify Home Page Appears" library="homePage">
<kw name="Wait Until Element Is Visible" library="AppiumLibrary">
<arg>${logoHomePage}</arg>
<doc>Waits until element specified with `locator` is visible.</doc>
<msg timestamp="20240110 23:44:47.095" level="INFO">xpath criteria: //android.widget.ImageView[@resource-id="com.example.myapplication:id/imageView4"]</msg>
<status status="PASS" starttime="20240110 23:44:45.408" endtime="20240110 23:44:47.097"/>
</kw>
<status status="PASS" starttime="20240110 23:44:45.407" endtime="20240110 23:44:47.097"/>
</kw>
<kw name="Click Sign In Button On Home Page" library="homePage">
<kw name="Wait Until Element Is Visible" library="AppiumLibrary">
<arg>${signInButtonHomePage}</arg>
<doc>Waits until element specified with `locator` is visible.</doc>
<msg timestamp="20240110 23:44:47.325" level="INFO">xpath criteria: //android.widget.Button[@resource-id="com.example.myapplication:id/login"]</msg>
<status status="PASS" starttime="20240110 23:44:47.097" endtime="20240110 23:44:47.325"/>
</kw>
<kw name="Click Element" library="AppiumLibrary">
<arg>${signInButtonHomePage}</arg>
<doc>Click element identified by `locator`.</doc>
<msg timestamp="20240110 23:44:47.329" level="INFO">Clicking element '//android.widget.Button[@resource-id="com.example.myapplication:id/login"]'.</msg>
<msg timestamp="20240110 23:44:48.219" level="INFO">xpath criteria: //android.widget.Button[@resource-id="com.example.myapplication:id/login"]</msg>
<status status="PASS" starttime="20240110 23:44:47.325" endtime="20240110 23:44:48.219"/>
</kw>
<status status="PASS" starttime="20240110 23:44:47.097" endtime="20240110 23:44:48.219"/>
</kw>
<kw name="Verify Login Appears" library="loginPage">
<kw name="Wait Until Element Is Visible" library="AppiumLibrary">
<arg>${emailInputLoginPage}</arg>
<doc>Waits until element specified with `locator` is visible.</doc>
<msg timestamp="20240110 23:44:49.524" level="INFO">xpath criteria: //android.widget.EditText[@resource-id="com.example.myapplication:id/username"]
xpath criteria: //android.widget.EditText[@resource-id="com.example.myapplication:id/username"]</msg>
<status status="PASS" starttime="20240110 23:44:48.219" endtime="20240110 23:44:49.524"/>
</kw>
<kw name="Wait Until Element Is Visible" library="AppiumLibrary">
<arg>${passwordinputLoginPage}</arg>
<doc>Waits until element specified with `locator` is visible.</doc>
<msg timestamp="20240110 23:44:50.396" level="INFO">xpath criteria: //android.widget.EditText[@resource-id="com.example.myapplication:id/password"]</msg>
<status status="PASS" starttime="20240110 23:44:49.525" endtime="20240110 23:44:50.396"/>
</kw>
<kw name="Wait Until Element Is Visible" library="AppiumLibrary">
<arg>${signInButtonLoginPage}</arg>
<doc>Waits until element specified with `locator` is visible.</doc>
<msg timestamp="20240110 23:44:50.773" level="INFO">xpath criteria: //android.widget.Button[@resource-id="com.example.myapplication:id/signIn"]</msg>
<status status="PASS" starttime="20240110 23:44:50.397" endtime="20240110 23:44:50.773"/>
</kw>
<status status="PASS" starttime="20240110 23:44:48.219" endtime="20240110 23:44:50.773"/>
</kw>
<kw name="Input User Email on Login Page" library="loginPage">
<arg>${email}</arg>
<kw name="Input Text" library="AppiumLibrary">
<arg>${emailInputLoginPage}</arg>
<arg>${email}</arg>
<doc>Types the given `text` into text field identified by `locator`.</doc>
<msg timestamp="20240110 23:44:50.781" level="INFO">Typing text 'support@ngendigital.com' into text field '//android.widget.EditText[@resource-id="com.example.myapplication:id/username"]'</msg>
<msg timestamp="20240110 23:44:51.028" level="INFO">xpath criteria: //android.widget.EditText[@resource-id="com.example.myapplication:id/username"]</msg>
<status status="PASS" starttime="20240110 23:44:50.774" endtime="20240110 23:44:51.028"/>
</kw>
<status status="PASS" starttime="20240110 23:44:50.774" endtime="20240110 23:44:51.028"/>
</kw>
<kw name="Input User password on Login Page" library="loginPage">
<arg>${password}</arg>
<kw name="Input Text" library="AppiumLibrary">
<arg>${passwordinputLoginPage}</arg>
<arg>${password}</arg>
<doc>Types the given `text` into text field identified by `locator`.</doc>
<msg timestamp="20240110 23:44:51.034" level="INFO">Typing text 'abc123' into text field '//android.widget.EditText[@resource-id="com.example.myapplication:id/password"]'</msg>
<msg timestamp="20240110 23:44:51.732" level="INFO">xpath criteria: //android.widget.EditText[@resource-id="com.example.myapplication:id/password"]</msg>
<status status="PASS" starttime="20240110 23:44:51.031" endtime="20240110 23:44:51.732"/>
</kw>
<status status="PASS" starttime="20240110 23:44:51.030" endtime="20240110 23:44:51.732"/>
</kw>
<kw name="Click Sign In Button on Login Page" library="loginPage">
<kw name="Click Element" library="AppiumLibrary">
<arg>${signInButtonLoginPage}</arg>
<doc>Click element identified by `locator`.</doc>
<msg timestamp="20240110 23:44:51.734" level="INFO">Clicking element '//android.widget.Button[@resource-id="com.example.myapplication:id/signIn"]'.</msg>
<msg timestamp="20240110 23:44:52.890" level="INFO">xpath criteria: //android.widget.Button[@resource-id="com.example.myapplication:id/signIn"]</msg>
<status status="PASS" starttime="20240110 23:44:51.733" endtime="20240110 23:44:52.890"/>
</kw>
<status status="PASS" starttime="20240110 23:44:51.732" endtime="20240110 23:44:52.891"/>
</kw>
<status status="PASS" starttime="20240110 23:44:45.407" endtime="20240110 23:44:52.891"/>
</kw>
<status status="PASS" starttime="20240110 23:44:31.990" endtime="20240110 23:44:52.891"/>
</kw>
<kw name="Verify Button Book Is Visible" library="bookPage">
<kw name="Wait Until Element Is Visible" library="AppiumLibrary">
<arg>${bookButtonPage}</arg>
<doc>Waits until element specified with `locator` is visible.</doc>
<msg timestamp="20240110 23:44:54.224" level="INFO">xpath criteria: //android.widget.Button[@resource-id="com.example.myapplication:id/book"]</msg>
<status status="PASS" starttime="20240110 23:44:52.918" endtime="20240110 23:44:54.225"/>
</kw>
<status status="PASS" starttime="20240110 23:44:52.918" endtime="20240110 23:44:54.225"/>
</kw>
<kw name="Click Book Book Button In Home Page" library="bookPage">
<kw name="Click Element" library="AppiumLibrary">
<arg>${bookButtonPage}</arg>
<doc>Click element identified by `locator`.</doc>
<msg timestamp="20240110 23:44:54.236" level="INFO">Clicking element '//android.widget.Button[@resource-id="com.example.myapplication:id/book"]'.</msg>
<msg timestamp="20240110 23:44:54.487" level="INFO">xpath criteria: //android.widget.Button[@resource-id="com.example.myapplication:id/book"]</msg>
<status status="PASS" starttime="20240110 23:44:54.233" endtime="20240110 23:44:54.487"/>
</kw>
<status status="PASS" starttime="20240110 23:44:54.233" endtime="20240110 23:44:54.487"/>
</kw>
<kw name="Verify Book Page Is Visible" library="bookPage">
<kw name="Wait Until Element Is Visible" library="AppiumLibrary">
<arg>${oneWayButtonPage}</arg>
<doc>Waits until element specified with `locator` is visible.</doc>
<msg timestamp="20240110 23:44:56.001" level="INFO">xpath criteria: //android.support.v7.app.ActionBar.Tab[@content-desc="One Way"]
xpath criteria: //android.support.v7.app.ActionBar.Tab[@content-desc="One Way"]</msg>
<status status="PASS" starttime="20240110 23:44:54.488" endtime="20240110 23:44:56.001"/>
</kw>
<status status="PASS" starttime="20240110 23:44:54.488" endtime="20240110 23:44:56.002"/>
</kw>
<kw name="Click Field City From" library="bookPage">
<kw name="Click Element" library="AppiumLibrary">
<arg>${selectCityFromButton}</arg>
<doc>Click element identified by `locator`.</doc>
<msg timestamp="20240110 23:44:56.003" level="INFO">Clicking element '//android.widget.Spinner[@resource-id="com.example.myapplication:id/spinnerFrom"]'.</msg>
<msg timestamp="20240110 23:44:56.369" level="INFO">xpath criteria: //android.widget.Spinner[@resource-id="com.example.myapplication:id/spinnerFrom"]</msg>
<status status="PASS" starttime="20240110 23:44:56.002" endtime="20240110 23:44:56.369"/>
</kw>
<status status="PASS" starttime="20240110 23:44:56.002" endtime="20240110 23:44:56.369"/>
</kw>
<kw name="Verify Field City From Is Visible" library="bookPage">
<kw name="Wait Until Element Is Visible" library="AppiumLibrary">
<arg>${cityFromSelectedButton}</arg>
<doc>Waits until element specified with `locator` is visible.</doc>
<msg timestamp="20240110 23:44:57.340" level="INFO">xpath criteria: //android.widget.TextView[@resource-id="android:id/text1" and @text="Chicago"]
xpath criteria: //android.widget.TextView[@resource-id="android:id/text1" and @text="Chicago"]</msg>
<status status="PASS" starttime="20240110 23:44:56.370" endtime="20240110 23:44:57.340"/>
</kw>
<status status="PASS" starttime="20240110 23:44:56.369" endtime="20240110 23:44:57.340"/>
</kw>
<kw name="Click Field City From Which Are Desired" library="bookPage">
<kw name="Click Element" library="AppiumLibrary">
<arg>${cityFromSelectedButton}</arg>
<doc>Click element identified by `locator`.</doc>
<msg timestamp="20240110 23:44:57.344" level="INFO">Clicking element '//android.widget.TextView[@resource-id="android:id/text1" and @text="Chicago"]'.</msg>
<msg timestamp="20240110 23:44:58.073" level="INFO">xpath criteria: //android.widget.TextView[@resource-id="android:id/text1" and @text="Chicago"]</msg>
<status status="PASS" starttime="20240110 23:44:57.341" endtime="20240110 23:44:58.073"/>
</kw>
<status status="PASS" starttime="20240110 23:44:57.341" endtime="20240110 23:44:58.073"/>
</kw>
<kw name="Click Field City To" library="bookPage">
<kw name="Click Element" library="AppiumLibrary">
<arg>${selectCityToButton}</arg>
<doc>Click element identified by `locator`.</doc>
<msg timestamp="20240110 23:44:58.082" level="INFO">Clicking element '//android.widget.Spinner[@resource-id="com.example.myapplication:id/spinnerTo"]'.</msg>
<msg timestamp="20240110 23:44:58.491" level="INFO">xpath criteria: //android.widget.Spinner[@resource-id="com.example.myapplication:id/spinnerTo"]</msg>
<status status="PASS" starttime="20240110 23:44:58.077" endtime="20240110 23:44:58.491"/>
</kw>
<status status="PASS" starttime="20240110 23:44:58.074" endtime="20240110 23:44:58.491"/>
</kw>
<kw name="Verify Field City To Is Visible" library="bookPage">
<kw name="Wait Until Element Is Visible" library="AppiumLibrary">
<arg>${cityToSelectedButton}</arg>
<doc>Waits until element specified with `locator` is visible.</doc>
<msg timestamp="20240110 23:45:00.023" level="INFO">xpath criteria: //android.widget.TextView[@resource-id="android:id/text1" and @text="Paris"]
xpath criteria: //android.widget.TextView[@resource-id="android:id/text1" and @text="Paris"]</msg>
<status status="PASS" starttime="20240110 23:44:58.493" endtime="20240110 23:45:00.023"/>
</kw>
<status status="PASS" starttime="20240110 23:44:58.492" endtime="20240110 23:45:00.023"/>
</kw>
<kw name="Click Field City To Which Are Desired" library="bookPage">
<kw name="Click Element" library="AppiumLibrary">
<arg>${cityToSelectedButton}</arg>
<doc>Click element identified by `locator`.</doc>
<msg timestamp="20240110 23:45:00.046" level="INFO">Clicking element '//android.widget.TextView[@resource-id="android:id/text1" and @text="Paris"]'.</msg>
<msg timestamp="20240110 23:45:01.053" level="INFO">xpath criteria: //android.widget.TextView[@resource-id="android:id/text1" and @text="Paris"]</msg>
<status status="PASS" starttime="20240110 23:45:00.040" endtime="20240110 23:45:01.054"/>
</kw>
<status status="PASS" starttime="20240110 23:45:00.040" endtime="20240110 23:45:01.054"/>
</kw>
<kw name="Click Field Class" library="bookPage">
<kw name="Click Element" library="AppiumLibrary">
<arg>${classButton}</arg>
<doc>Click element identified by `locator`.</doc>
<msg timestamp="20240110 23:45:01.089" level="INFO">Clicking element '//android.widget.Spinner[@resource-id="com.example.myapplication:id/spinnerClass"]'.</msg>
<msg timestamp="20240110 23:45:02.265" level="INFO">xpath criteria: //android.widget.Spinner[@resource-id="com.example.myapplication:id/spinnerClass"]</msg>
<status status="PASS" starttime="20240110 23:45:01.086" endtime="20240110 23:45:02.265"/>
</kw>
<status status="PASS" starttime="20240110 23:45:01.085" endtime="20240110 23:45:02.265"/>
</kw>
<kw name="Verify Field Class Is Visible" library="bookPage">
<kw name="Wait Until Element Is Visible" library="AppiumLibrary">
<arg>${classSelectedButton}</arg>
<doc>Waits until element specified with `locator` is visible.</doc>
<msg timestamp="20240110 23:45:03.701" level="INFO">xpath criteria: //android.widget.TextView[@resource-id="android:id/text1" and @text="First"]</msg>
<status status="PASS" starttime="20240110 23:45:02.266" endtime="20240110 23:45:03.701"/>
</kw>
<status status="PASS" starttime="20240110 23:45:02.266" endtime="20240110 23:45:03.701"/>
</kw>
<kw name="Click Field Class To Which Are Desired" library="bookPage">
<kw name="Click Element" library="AppiumLibrary">
<arg>${classSelectedButton}</arg>
<doc>Click element identified by `locator`.</doc>
<msg timestamp="20240110 23:45:03.705" level="INFO">Clicking element '//android.widget.TextView[@resource-id="android:id/text1" and @text="First"]'.</msg>
<msg timestamp="20240110 23:45:04.579" level="INFO">xpath criteria: //android.widget.TextView[@resource-id="android:id/text1" and @text="First"]</msg>
<status status="PASS" starttime="20240110 23:45:03.701" endtime="20240110 23:45:04.579"/>
</kw>
<status status="PASS" starttime="20240110 23:45:03.701" endtime="20240110 23:45:04.579"/>
</kw>
<kw name="Click Start Date Button" library="bookPage">
<kw name="Click Element" library="AppiumLibrary">
<arg>${startDateButton}</arg>
<doc>Click element identified by `locator`.</doc>
<msg timestamp="20240110 23:45:04.591" level="INFO">Clicking element '//android.widget.TextView[@resource-id="com.example.myapplication:id/textStartDate"]'.</msg>
<msg timestamp="20240110 23:45:04.984" level="INFO">xpath criteria: //android.widget.TextView[@resource-id="com.example.myapplication:id/textStartDate"]</msg>
<status status="PASS" starttime="20240110 23:45:04.588" endtime="20240110 23:45:04.984"/>
</kw>
<status status="PASS" starttime="20240110 23:45:04.587" endtime="20240110 23:45:04.984"/>
</kw>
<kw name="Verify Field Start Date Is Visible" library="bookPage">
<kw name="Wait Until Element Is Visible" library="AppiumLibrary">
<arg>${startDateSelectedButton}</arg>
<doc>Waits until element specified with `locator` is visible.</doc>
<msg timestamp="20240110 23:45:07.353" level="INFO">xpath criteria: //android.view.View[@content-desc="02 August 2019"]
xpath criteria: //android.view.View[@content-desc="02 August 2019"]</msg>
<status status="PASS" starttime="20240110 23:45:04.985" endtime="20240110 23:45:07.353"/>
</kw>
<status status="PASS" starttime="20240110 23:45:04.985" endtime="20240110 23:45:07.353"/>
</kw>
<kw name="Click Field Start Date To Which Are Desired" library="bookPage">
<kw name="Click Element" library="AppiumLibrary">
<arg>${startDateSelectedButton}</arg>
<doc>Click element identified by `locator`.</doc>
<msg timestamp="20240110 23:45:07.356" level="INFO">Clicking element '//android.view.View[@content-desc="02 August 2019"]'.</msg>
<msg timestamp="20240110 23:45:09.034" level="INFO">xpath criteria: //android.view.View[@content-desc="02 August 2019"]</msg>
<status status="PASS" starttime="20240110 23:45:07.354" endtime="20240110 23:45:09.034"/>
</kw>
<status status="PASS" starttime="20240110 23:45:07.353" endtime="20240110 23:45:09.034"/>
</kw>
<kw name="Click Button Ok" library="bookPage">
<kw name="Click Element" library="AppiumLibrary">
<arg>${okStartDate}</arg>
<doc>Click element identified by `locator`.</doc>
<msg timestamp="20240110 23:45:09.037" level="INFO">Clicking element '//android.widget.Button[@resource-id="android:id/button1"]'.</msg>
<msg timestamp="20240110 23:45:10.384" level="INFO">xpath criteria: //android.widget.Button[@resource-id="android:id/button1"]</msg>
<status status="PASS" starttime="20240110 23:45:09.035" endtime="20240110 23:45:10.384"/>
</kw>
<status status="PASS" starttime="20240110 23:45:09.035" endtime="20240110 23:45:10.384"/>
</kw>
<kw name="Click End Date Button" library="bookPage">
<kw name="Click Element" library="AppiumLibrary">
<arg>${endDateButton}</arg>
<doc>Click element identified by `locator`.</doc>
<msg timestamp="20240110 23:45:10.389" level="INFO">Clicking element '//android.widget.TextView[@resource-id="com.example.myapplication:id/textEndDate"]'.</msg>
<msg timestamp="20240110 23:45:11.733" level="INFO">xpath criteria: //android.widget.TextView[@resource-id="com.example.myapplication:id/textEndDate"]</msg>
<status status="PASS" starttime="20240110 23:45:10.386" endtime="20240110 23:45:11.733"/>
</kw>
<status status="PASS" starttime="20240110 23:45:10.386" endtime="20240110 23:45:11.733"/>
</kw>
<kw name="Verify Field End Date Is Visible" library="bookPage">
<kw name="Wait Until Element Is Visible" library="AppiumLibrary">
<arg>${endDateSelectedButton}</arg>
<doc>Waits until element specified with `locator` is visible.</doc>
<msg timestamp="20240110 23:45:13.416" level="INFO">xpath criteria: //android.view.View[@content-desc="06 August 2019"]</msg>
<status status="PASS" starttime="20240110 23:45:11.741" endtime="20240110 23:45:13.416"/>
</kw>
<status status="PASS" starttime="20240110 23:45:11.740" endtime="20240110 23:45:13.416"/>
</kw>
<kw name="Click Field End Date To Which Are Desired" library="bookPage">
<kw name="Click Element" library="AppiumLibrary">
<arg>${endDateSelectedButton}</arg>
<doc>Click element identified by `locator`.</doc>
<msg timestamp="20240110 23:45:13.420" level="INFO">Clicking element '//android.view.View[@content-desc="06 August 2019"]'.</msg>
<msg timestamp="20240110 23:45:14.999" level="INFO">xpath criteria: //android.view.View[@content-desc="06 August 2019"]</msg>
<status status="PASS" starttime="20240110 23:45:13.416" endtime="20240110 23:45:14.999"/>
</kw>
<status status="PASS" starttime="20240110 23:45:13.416" endtime="20240110 23:45:14.999"/>
</kw>
<kw name="Click Ok Button" library="bookPage">
<kw name="Click Element" library="AppiumLibrary">
<arg>${okEndDateButton}</arg>
<doc>Click element identified by `locator`.</doc>
<msg timestamp="20240110 23:45:15.001" level="INFO">Clicking element '//android.widget.Button[@resource-id="android:id/button1"]'.</msg>
<msg timestamp="20240110 23:45:15.899" level="INFO">xpath criteria: //android.widget.Button[@resource-id="android:id/button1"]</msg>
<status status="PASS" starttime="20240110 23:45:15.000" endtime="20240110 23:45:15.899"/>
</kw>
<status status="PASS" starttime="20240110 23:45:14.999" endtime="20240110 23:45:15.899"/>
</kw>
<kw name="Checklist Field Flights And Hotels" library="bookPage">
<kw name="Click Element" library="AppiumLibrary">
<arg>${flightHotelsButton}</arg>
<doc>Click element identified by `locator`.</doc>
<msg timestamp="20240110 23:45:15.900" level="INFO">Clicking element '//android.widget.RadioButton[@resource-id="com.example.myapplication:id/radioButtonFlightHotel"]'.</msg>
<msg timestamp="20240110 23:45:16.514" level="INFO">xpath criteria: //android.widget.RadioButton[@resource-id="com.example.myapplication:id/radioButtonFlightHotel"]</msg>
<status status="PASS" starttime="20240110 23:45:15.899" endtime="20240110 23:45:16.514"/>
</kw>
<status status="PASS" starttime="20240110 23:45:15.899" endtime="20240110 23:45:16.514"/>
</kw>
<kw name="Checklist Field Days" library="bookPage">
<kw name="Click Element" library="AppiumLibrary">
<arg>${checkBoxDays}</arg>
<doc>Click element identified by `locator`.</doc>
<msg timestamp="20240110 23:45:16.519" level="INFO">Clicking element '//android.widget.CheckBox[@resource-id="com.example.myapplication:id/checkBoxDay"]'.</msg>
<msg timestamp="20240110 23:45:17.292" level="INFO">xpath criteria: //android.widget.CheckBox[@resource-id="com.example.myapplication:id/checkBoxDay"]</msg>
<status status="PASS" starttime="20240110 23:45:16.516" endtime="20240110 23:45:17.292"/>
</kw>
<status status="PASS" starttime="20240110 23:45:16.516" endtime="20240110 23:45:17.293"/>
</kw>
<kw name="Click Button Book In Book Page" library="bookPage">
<kw name="Click Element" library="AppiumLibrary">
<arg>${bookButton}</arg>
<doc>Click element identified by `locator`.</doc>
<msg timestamp="20240110 23:45:17.305" level="INFO">Clicking element '//android.widget.Button[@resource-id="com.example.myapplication:id/book_flight"]'.</msg>
<msg timestamp="20240110 23:45:18.505" level="INFO">xpath criteria: //android.widget.Button[@resource-id="com.example.myapplication:id/book_flight"]</msg>
<status status="PASS" starttime="20240110 23:45:17.301" endtime="20240110 23:45:18.505"/>
</kw>
<status status="PASS" starttime="20240110 23:45:17.301" endtime="20240110 23:45:18.505"/>
</kw>
<kw name="Verify List Book Price Is Visible" library="bookPage">
<kw name="Wait Until Element Is Visible" library="AppiumLibrary">
<arg>${validPriceButton}</arg>
<doc>Waits until element specified with `locator` is visible.</doc>
<msg timestamp="20240110 23:45:19.804" level="INFO">xpath criteria: //android.widget.TextView[@resource-id="com.example.myapplication:id/textView6"]</msg>
<status status="PASS" starttime="20240110 23:45:18.506" endtime="20240110 23:45:19.804"/>
</kw>
<status status="PASS" starttime="20240110 23:45:18.506" endtime="20240110 23:45:19.804"/>
</kw>
<kw name="Select Price Book Which Are Desired" library="bookPage">
<kw name="Click Element" library="AppiumLibrary">
<arg>${validPriceButton}</arg>
<doc>Click element identified by `locator`.</doc>
<msg timestamp="20240110 23:45:19.808" level="INFO">Clicking element '//android.widget.TextView[@resource-id="com.example.myapplication:id/textView6"]'.</msg>
<msg timestamp="20240110 23:45:20.314" level="INFO">xpath criteria: //android.widget.TextView[@resource-id="com.example.myapplication:id/textView6"]</msg>
<status status="PASS" starttime="20240110 23:45:19.805" endtime="20240110 23:45:20.314"/>
</kw>
<status status="PASS" starttime="20240110 23:45:19.805" endtime="20240110 23:45:20.314"/>
</kw>
<kw name="Click Button Book With Selected Price" library="bookPage">
<kw name="Click Element" library="AppiumLibrary">
<arg>${priceButtonSelected}</arg>
<doc>Click element identified by `locator`.</doc>
<msg timestamp="20240110 23:45:20.317" level="INFO">Clicking element '//android.widget.Button[@resource-id="com.example.myapplication:id/price1"]'.</msg>
<msg timestamp="20240110 23:45:20.606" level="INFO">xpath criteria: //android.widget.Button[@resource-id="com.example.myapplication:id/price1"]</msg>
<status status="PASS" starttime="20240110 23:45:20.315" endtime="20240110 23:45:20.606"/>
</kw>
<status status="PASS" starttime="20240110 23:45:20.315" endtime="20240110 23:45:20.606"/>
</kw>
<kw name="Confirmed Book Price" library="bookPage">
<kw name="Click Element" library="AppiumLibrary">
<arg>${priceConfirmed}</arg>
<doc>Click element identified by `locator`.</doc>
<msg timestamp="20240110 23:45:20.610" level="INFO">Clicking element '//android.widget.Button[@resource-id="com.example.myapplication:id/confirm_order"]'.</msg>
<msg timestamp="20240110 23:45:21.589" level="INFO">xpath criteria: //android.widget.Button[@resource-id="com.example.myapplication:id/confirm_order"]</msg>
<status status="PASS" starttime="20240110 23:45:20.607" endtime="20240110 23:45:21.589"/>
</kw>
<status status="PASS" starttime="20240110 23:45:20.607" endtime="20240110 23:45:21.589"/>
</kw>
<kw name="Verify Book Is Succesfully" library="bookPage">
<kw name="Wait Until Element Is Visible" library="AppiumLibrary">
<arg>${validBookedSucceeded}</arg>
<doc>Waits until element specified with `locator` is visible.</doc>
<msg timestamp="20240110 23:45:23.053" level="INFO">xpath criteria: //android.widget.CheckedTextView[@resource-id="com.example.myapplication:id/checkedTextView"]</msg>
<status status="PASS" starttime="20240110 23:45:21.590" endtime="20240110 23:45:23.053"/>
</kw>
<status status="PASS" starttime="20240110 23:45:21.589" endtime="20240110 23:45:23.053"/>
</kw>
<kw name="Close Flights application" library="base" type="TEARDOWN">
<kw name="Close Application" library="AppiumLibrary">
<doc>Closes the current application and also close webdriver session.</doc>
<status status="PASS" starttime="20240110 23:45:23.054" endtime="20240110 23:45:23.663"/>
</kw>
<status status="PASS" starttime="20240110 23:45:23.054" endtime="20240110 23:45:23.664"/>
</kw>
<status status="PASS" starttime="20240110 23:44:31.989" endtime="20240110 23:45:23.690"/>
</test>
<test id="s1-t3" name="Search Test Case" line="48">
<kw name="Run Keywords" library="BuiltIn" type="SETUP">
<arg>Open Flights application</arg>
<arg>AND</arg>
<arg>Login With Valid Credentials</arg>
<doc>Executes all the given keywords in a sequence.</doc>
<kw name="Open Flights application" library="base">
<kw name="Open Application" library="AppiumLibrary">
<arg>remote_url=${REMOTE_URL}</arg>
<arg>platformName=${PLATFORM_NAME}</arg>
<arg>platformVersion=${PLATFORM_VERSION}</arg>
<arg>deviceName=${DEVICE_NAME}</arg>
<arg>appPackage=${APP_PACKAGE}</arg>
<arg>appActivity=${APP_ACTIVITY}</arg>
<doc>Opens a new application to given Appium server.
Capabilities of appium server, Android and iOS,
Please check https://github.com/appium/appium/blob/master/docs/en/writing-running-appium/server-args.md
| *Option*            | *Man.* | *Description*     |
| remote_url          | Yes    | Appium server url |
| alias               | no     | alias             |
| strict_ssl          | No     | allows you to send commands to an invalid certificate host like a self-signed one. |</doc>
<status status="PASS" starttime="20240110 23:45:23.692" endtime="20240110 23:45:34.473"/>
</kw>
<status status="PASS" starttime="20240110 23:45:23.692" endtime="20240110 23:45:34.473"/>
</kw>
<kw name="Login With Valid Credentials" library="loginPage">
<kw name="Verify Home Page Appears" library="homePage">
<kw name="Wait Until Element Is Visible" library="AppiumLibrary">
<arg>${logoHomePage}</arg>
<doc>Waits until element specified with `locator` is visible.</doc>
<msg timestamp="20240110 23:45:35.710" level="INFO">xpath criteria: //android.widget.ImageView[@resource-id="com.example.myapplication:id/imageView4"]</msg>
<status status="PASS" starttime="20240110 23:45:34.474" endtime="20240110 23:45:35.710"/>
</kw>
<status status="PASS" starttime="20240110 23:45:34.473" endtime="20240110 23:45:35.710"/>
</kw>
<kw name="Click Sign In Button On Home Page" library="homePage">
<kw name="Wait Until Element Is Visible" library="AppiumLibrary">
<arg>${signInButtonHomePage}</arg>
<doc>Waits until element specified with `locator` is visible.</doc>
<msg timestamp="20240110 23:45:35.894" level="INFO">xpath criteria: //android.widget.Button[@resource-id="com.example.myapplication:id/login"]</msg>
<status status="PASS" starttime="20240110 23:45:35.710" endtime="20240110 23:45:35.894"/>
</kw>
<kw name="Click Element" library="AppiumLibrary">
<arg>${signInButtonHomePage}</arg>
<doc>Click element identified by `locator`.</doc>
<msg timestamp="20240110 23:45:35.897" level="INFO">Clicking element '//android.widget.Button[@resource-id="com.example.myapplication:id/login"]'.</msg>
<msg timestamp="20240110 23:45:36.159" level="INFO">xpath criteria: //android.widget.Button[@resource-id="com.example.myapplication:id/login"]</msg>
<status status="PASS" starttime="20240110 23:45:35.895" endtime="20240110 23:45:36.159"/>
</kw>
<status status="PASS" starttime="20240110 23:45:35.710" endtime="20240110 23:45:36.159"/>
</kw>
<kw name="Verify Login Appears" library="loginPage">
<kw name="Wait Until Element Is Visible" library="AppiumLibrary">
<arg>${emailInputLoginPage}</arg>
<doc>Waits until element specified with `locator` is visible.</doc>
<msg timestamp="20240110 23:45:37.452" level="INFO">xpath criteria: //android.widget.EditText[@resource-id="com.example.myapplication:id/username"]
xpath criteria: //android.widget.EditText[@resource-id="com.example.myapplication:id/username"]</msg>
<status status="PASS" starttime="20240110 23:45:36.159" endtime="20240110 23:45:37.452"/>
</kw>
<kw name="Wait Until Element Is Visible" library="AppiumLibrary">
<arg>${passwordinputLoginPage}</arg>
<doc>Waits until element specified with `locator` is visible.</doc>
<msg timestamp="20240110 23:45:37.667" level="INFO">xpath criteria: //android.widget.EditText[@resource-id="com.example.myapplication:id/password"]</msg>
<status status="PASS" starttime="20240110 23:45:37.452" endtime="20240110 23:45:37.668"/>
</kw>
<kw name="Wait Until Element Is Visible" library="AppiumLibrary">
<arg>${signInButtonLoginPage}</arg>
<doc>Waits until element specified with `locator` is visible.</doc>
<msg timestamp="20240110 23:45:38.357" level="INFO">xpath criteria: //android.widget.Button[@resource-id="com.example.myapplication:id/signIn"]</msg>
<status status="PASS" starttime="20240110 23:45:37.668" endtime="20240110 23:45:38.357"/>
</kw>
<status status="PASS" starttime="20240110 23:45:36.159" endtime="20240110 23:45:38.357"/>
</kw>
<kw name="Input User Email on Login Page" library="loginPage">
<arg>${email}</arg>
<kw name="Input Text" library="AppiumLibrary">
<arg>${emailInputLoginPage}</arg>
<arg>${email}</arg>
<doc>Types the given `text` into text field identified by `locator`.</doc>
<msg timestamp="20240110 23:45:38.360" level="INFO">Typing text 'support@ngendigital.com' into text field '//android.widget.EditText[@resource-id="com.example.myapplication:id/username"]'</msg>
<msg timestamp="20240110 23:45:38.602" level="INFO">xpath criteria: //android.widget.EditText[@resource-id="com.example.myapplication:id/username"]</msg>
<status status="PASS" starttime="20240110 23:45:38.357" endtime="20240110 23:45:38.603"/>
</kw>
<status status="PASS" starttime="20240110 23:45:38.357" endtime="20240110 23:45:38.603"/>
</kw>
<kw name="Input User password on Login Page" library="loginPage">
<arg>${password}</arg>
<kw name="Input Text" library="AppiumLibrary">
<arg>${passwordinputLoginPage}</arg>
<arg>${password}</arg>
<doc>Types the given `text` into text field identified by `locator`.</doc>
<msg timestamp="20240110 23:45:38.605" level="INFO">Typing text 'abc123' into text field '//android.widget.EditText[@resource-id="com.example.myapplication:id/password"]'</msg>
<msg timestamp="20240110 23:45:39.323" level="INFO">xpath criteria: //android.widget.EditText[@resource-id="com.example.myapplication:id/password"]</msg>
<status status="PASS" starttime="20240110 23:45:38.603" endtime="20240110 23:45:39.323"/>
</kw>
<status status="PASS" starttime="20240110 23:45:38.603" endtime="20240110 23:45:39.323"/>
</kw>
<kw name="Click Sign In Button on Login Page" library="loginPage">
<kw name="Click Element" library="AppiumLibrary">
<arg>${signInButtonLoginPage}</arg>
<doc>Click element identified by `locator`.</doc>
<msg timestamp="20240110 23:45:39.328" level="INFO">Clicking element '//android.widget.Button[@resource-id="com.example.myapplication:id/signIn"]'.</msg>
<msg timestamp="20240110 23:45:40.356" level="INFO">xpath criteria: //android.widget.Button[@resource-id="com.example.myapplication:id/signIn"]</msg>
<status status="PASS" starttime="20240110 23:45:39.323" endtime="20240110 23:45:40.356"/>
</kw>
<status status="PASS" starttime="20240110 23:45:39.323" endtime="20240110 23:45:40.356"/>
</kw>
<status status="PASS" starttime="20240110 23:45:34.473" endtime="20240110 23:45:40.356"/>
</kw>
<status status="PASS" starttime="20240110 23:45:23.691" endtime="20240110 23:45:40.356"/>
</kw>
<kw name="Verify Button Search Is Visible" library="searchPage">
<kw name="Wait Until Element Is Visible" library="AppiumLibrary">
<arg>${searchButtonPage}</arg>
<doc>Waits until element specified with `locator` is visible.</doc>
<msg timestamp="20240110 23:45:41.571" level="INFO">xpath criteria: //android.widget.Button[@resource-id="com.example.myapplication:id/search_flight"]</msg>
<status status="PASS" starttime="20240110 23:45:40.358" endtime="20240110 23:45:41.572"/>
</kw>
<status status="PASS" starttime="20240110 23:45:40.358" endtime="20240110 23:45:41.572"/>
</kw>
<kw name="Click Search Button In Home Page" library="searchPage">
<kw name="Click Element" library="AppiumLibrary">
<arg>${searchButtonPage}</arg>
<doc>Click element identified by `locator`.</doc>
<msg timestamp="20240110 23:45:41.575" level="INFO">Clicking element '//android.widget.Button[@resource-id="com.example.myapplication:id/search_flight"]'.</msg>
<msg timestamp="20240110 23:45:42.398" level="INFO">xpath criteria: //android.widget.Button[@resource-id="com.example.myapplication:id/search_flight"]</msg>
<status status="PASS" starttime="20240110 23:45:41.572" endtime="20240110 23:45:42.398"/>
</kw>
<status status="PASS" starttime="20240110 23:45:41.572" endtime="20240110 23:45:42.398"/>
</kw>
<kw name="Verify Search Page Is Visible" library="searchPage">
<kw name="Wait Until Element Is Visible" library="AppiumLibrary">
<arg>${verifySearchPage}</arg>
<doc>Waits until element specified with `locator` is visible.</doc>
<msg timestamp="20240110 23:45:43.977" level="INFO">xpath criteria: //android.widget.TextView[@resource-id="com.example.myapplication:id/enterFlight"]
xpath criteria: //android.widget.TextView[@resource-id="com.example.myapplication:id/enterFlight"]</msg>
<status status="PASS" starttime="20240110 23:45:42.400" endtime="20240110 23:45:43.977"/>
</kw>
<status status="PASS" starttime="20240110 23:45:42.398" endtime="20240110 23:45:43.978"/>
</kw>
<kw name="Input Search Field With Valid Value" library="searchPage">
<kw name="Input Text" library="AppiumLibrary">
<arg>${fieldSearch}</arg>
<arg>${seachKey}</arg>
<doc>Types the given `text` into text field identified by `locator`.</doc>
<msg timestamp="20240110 23:45:43.981" level="INFO">Typing text 'DA935' into text field '//android.widget.EditText[@resource-id="com.example.myapplication:id/flight_number"]'</msg>
<msg timestamp="20240110 23:45:44.231" level="INFO">xpath criteria: //android.widget.EditText[@resource-id="com.example.myapplication:id/flight_number"]</msg>
<status status="PASS" starttime="20240110 23:45:43.979" endtime="20240110 23:45:44.231"/>
</kw>
<status status="PASS" starttime="20240110 23:45:43.979" endtime="20240110 23:45:44.232"/>
</kw>
<kw name="Click Search Button For Get The Search Result" library="searchPage">
<kw name="Click Element" library="AppiumLibrary">
<arg>${searchButton}</arg>
<doc>Click element identified by `locator`.</doc>
<msg timestamp="20240110 23:45:44.234" level="INFO">Clicking element '//android.widget.Button[@resource-id="com.example.myapplication:id/searchFlight"]'.</msg>
<msg timestamp="20240110 23:45:45.003" level="INFO">xpath criteria: //android.widget.Button[@resource-id="com.example.myapplication:id/searchFlight"]</msg>
<status status="PASS" starttime="20240110 23:45:44.232" endtime="20240110 23:45:45.003"/>
</kw>
<status status="PASS" starttime="20240110 23:45:44.232" endtime="20240110 23:45:45.003"/>
</kw>
<kw name="Verify Search Result Page Is Visible" library="searchPage">
<kw name="Wait Until Element Is Visible" library="AppiumLibrary">
<arg>${verifySearchResult}</arg>
<doc>Waits until element specified with `locator` is visible.</doc>
<msg timestamp="20240110 23:45:46.369" level="INFO">xpath criteria: //android.widget.TextView[@text="DA 935"]
xpath criteria: //android.widget.TextView[@text="DA 935"]</msg>
<status status="PASS" starttime="20240110 23:45:45.004" endtime="20240110 23:45:46.369"/>
</kw>
<status status="PASS" starttime="20240110 23:45:45.004" endtime="20240110 23:45:46.369"/>
</kw>
<kw name="Close Flights application" library="base" type="TEARDOWN">
<kw name="Close Application" library="AppiumLibrary">
<doc>Closes the current application and also close webdriver session.</doc>
<status status="PASS" starttime="20240110 23:45:46.369" endtime="20240110 23:45:47.012"/>
</kw>
<status status="PASS" starttime="20240110 23:45:46.369" endtime="20240110 23:45:47.012"/>
</kw>
<status status="PASS" starttime="20240110 23:45:23.691" endtime="20240110 23:45:47.016"/>
</test>
<status status="PASS" starttime="20240110 23:44:10.437" endtime="20240110 23:45:47.019"/>
</suite>
<statistics>
<total>
<stat pass="3" fail="0" skip="0">All Tests</stat>
</total>
<tag>
</tag>
<suite>
<stat pass="3" fail="0" skip="0" id="s1" name="playSuite">playSuite</stat>
</suite>
</statistics>
<errors>
<msg timestamp="20240110 23:44:10.924" level="ERROR">Error in file 'C:\Users\pkpho\proyek\Batch52-Quiz4-Team10\suites\loginSuite.robot' on line 6: Setting 'Test Setup' is not allowed in resource file.</msg>
<msg timestamp="20240110 23:44:10.924" level="ERROR">Error in file 'C:\Users\pkpho\proyek\Batch52-Quiz4-Team10\suites\loginSuite.robot' on line 9: Setting 'Test Teardown' is not allowed in resource file.</msg>
<msg timestamp="20240110 23:44:10.925" level="ERROR">Error in file 'C:\Users\pkpho\proyek\Batch52-Quiz4-Team10\suites\playSuite.robot' on line 6: Error in file 'C:\Users\pkpho\proyek\Batch52-Quiz4-Team10\suites\loginSuite.robot' on line 15: Resource file with 'Test Cases' section is invalid.</msg>
</errors>
</robot>
