<?xml version="1.0" encoding="UTF-8"?>
<robot generator="Robot 6.1.1 (Python 3.11.4 on win32)" generated="20240111 00:07:18.767" rpa="false" schemaversion="4">
<suite id="s1" name="playSuite" source="C:\Users\pkpho\proyek\Batch52-Quiz4-Team10\suites\playSuite.robot">
<test id="s1-t1" name="Login Test Case" line="16">
<kw name="Run Keywords" library="BuiltIn" type="SETUP">
<arg>Open Flights application</arg>
<arg>AND</arg>
<arg>Login With Valid Credentials</arg>
<doc>Executes all the given keywords in a sequence.</doc>
<kw name="Open Flights application" library="base">
<kw name="Open Application" library="AppiumLibrary">
<arg>remote_url=${REMOTE_URL}</arg>
<arg>platformName=${PLATFORM_NAME}</arg>
<arg>platformVersion=${PLATFORM_VERSION}</arg>
<arg>deviceName=${DEVICE_NAME}</arg>
<arg>appPackage=${APP_PACKAGE}</arg>
<arg>appActivity=${APP_ACTIVITY}</arg>
<doc>Opens a new application to given Appium server.
Capabilities of appium server, Android and iOS,
Please check https://github.com/appium/appium/blob/master/docs/en/writing-running-appium/server-args.md
| *Option*            | *Man.* | *Description*     |
| remote_url          | Yes    | Appium server url |
| alias               | no     | alias             |
| strict_ssl          | No     | allows you to send commands to an invalid certificate host like a self-signed one. |</doc>
<status status="PASS" starttime="20240111 00:07:19.438" endtime="20240111 00:07:29.492"/>
</kw>
<status status="PASS" starttime="20240111 00:07:19.437" endtime="20240111 00:07:29.493"/>
</kw>
<kw name="Login With Valid Credentials" library="loginPage">
<kw name="Verify Home Page Appears" library="homePage">
<kw name="Wait Until Element Is Visible" library="AppiumLibrary">
<arg>${logoHomePage}</arg>
<doc>Waits until element specified with `locator` is visible.</doc>
<msg timestamp="20240111 00:07:30.872" level="INFO">xpath criteria: //android.widget.ImageView[@resource-id="com.example.myapplication:id/imageView4"]</msg>
<status status="PASS" starttime="20240111 00:07:29.494" endtime="20240111 00:07:30.872"/>
</kw>
<status status="PASS" starttime="20240111 00:07:29.494" endtime="20240111 00:07:30.872"/>
</kw>
<kw name="Click Sign In Button On Home Page" library="homePage">
<kw name="Wait Until Element Is Visible" library="AppiumLibrary">
<arg>${signInButtonHomePage}</arg>
<doc>Waits until element specified with `locator` is visible.</doc>
<msg timestamp="20240111 00:07:31.067" level="INFO">xpath criteria: //android.widget.Button[@resource-id="com.example.myapplication:id/login"]</msg>
<status status="PASS" starttime="20240111 00:07:30.873" endtime="20240111 00:07:31.067"/>
</kw>
<kw name="Click Element" library="AppiumLibrary">
<arg>${signInButtonHomePage}</arg>
<doc>Click element identified by `locator`.</doc>
<msg timestamp="20240111 00:07:31.072" level="INFO">Clicking element '//android.widget.Button[@resource-id="com.example.myapplication:id/login"]'.</msg>
<msg timestamp="20240111 00:07:31.329" level="INFO">xpath criteria: //android.widget.Button[@resource-id="com.example.myapplication:id/login"]</msg>
<status status="PASS" starttime="20240111 00:07:31.067" endtime="20240111 00:07:31.329"/>
</kw>
<status status="PASS" starttime="20240111 00:07:30.872" endtime="20240111 00:07:31.330"/>
</kw>
<kw name="Verify Login Appears" library="loginPage">
<kw name="Wait Until Element Is Visible" library="AppiumLibrary">
<arg>${emailInputLoginPage}</arg>
<doc>Waits until element specified with `locator` is visible.</doc>
<msg timestamp="20240111 00:07:32.900" level="INFO">xpath criteria: //android.widget.EditText[@resource-id="com.example.myapplication:id/username"]
xpath criteria: //android.widget.EditText[@resource-id="com.example.myapplication:id/username"]</msg>
<status status="PASS" starttime="20240111 00:07:31.330" endtime="20240111 00:07:32.900"/>
</kw>
<kw name="Wait Until Element Is Visible" library="AppiumLibrary">
<arg>${passwordinputLoginPage}</arg>
<doc>Waits until element specified with `locator` is visible.</doc>
<msg timestamp="20240111 00:07:33.031" level="INFO">xpath criteria: //android.widget.EditText[@resource-id="com.example.myapplication:id/password"]</msg>
<status status="PASS" starttime="20240111 00:07:32.900" endtime="20240111 00:07:33.032"/>
</kw>
<kw name="Wait Until Element Is Visible" library="AppiumLibrary">
<arg>${signInButtonLoginPage}</arg>
<doc>Waits until element specified with `locator` is visible.</doc>
<msg timestamp="20240111 00:07:33.162" level="INFO">xpath criteria: //android.widget.Button[@resource-id="com.example.myapplication:id/signIn"]</msg>
<status status="PASS" starttime="20240111 00:07:33.032" endtime="20240111 00:07:33.163"/>
</kw>
<status status="PASS" starttime="20240111 00:07:31.330" endtime="20240111 00:07:33.163"/>
</kw>
<kw name="Input User Email on Login Page" library="loginPage">
<arg>${email}</arg>
<kw name="Input Text" library="AppiumLibrary">
<arg>${emailInputLoginPage}</arg>
<arg>${email}</arg>
<doc>Types the given `text` into text field identified by `locator`.</doc>
<msg timestamp="20240111 00:07:33.166" level="INFO">Typing text 'support@ngendigital.com' into text field '//android.widget.EditText[@resource-id="com.example.myapplication:id/username"]'</msg>
<msg timestamp="20240111 00:07:33.317" level="INFO">xpath criteria: //android.widget.EditText[@resource-id="com.example.myapplication:id/username"]</msg>
<status status="PASS" starttime="20240111 00:07:33.163" endtime="20240111 00:07:33.317"/>
</kw>
<status status="PASS" starttime="20240111 00:07:33.163" endtime="20240111 00:07:33.317"/>
</kw>
<kw name="Input User password on Login Page" library="loginPage">
<arg>${password}</arg>
<kw name="Input Text" library="AppiumLibrary">
<arg>${passwordinputLoginPage}</arg>
<arg>${password}</arg>
<doc>Types the given `text` into text field identified by `locator`.</doc>
<msg timestamp="20240111 00:07:33.320" level="INFO">Typing text 'abc123' into text field '//android.widget.EditText[@resource-id="com.example.myapplication:id/password"]'</msg>
<msg timestamp="20240111 00:07:33.949" level="INFO">xpath criteria: //android.widget.EditText[@resource-id="com.example.myapplication:id/password"]</msg>
<status status="PASS" starttime="20240111 00:07:33.318" endtime="20240111 00:07:33.949"/>
</kw>
<status status="PASS" starttime="20240111 00:07:33.317" endtime="20240111 00:07:33.949"/>
</kw>
<kw name="Click Sign In Button on Login Page" library="loginPage">
<kw name="Click Element" library="AppiumLibrary">
<arg>${signInButtonLoginPage}</arg>
<doc>Click element identified by `locator`.</doc>
<msg timestamp="20240111 00:07:33.952" level="INFO">Clicking element '//android.widget.Button[@resource-id="com.example.myapplication:id/signIn"]'.</msg>
<msg timestamp="20240111 00:07:35.276" level="INFO">xpath criteria: //android.widget.Button[@resource-id="com.example.myapplication:id/signIn"]</msg>
<status status="PASS" starttime="20240111 00:07:33.949" endtime="20240111 00:07:35.276"/>
</kw>
<status status="PASS" starttime="20240111 00:07:33.949" endtime="20240111 00:07:35.276"/>
</kw>
<status status="PASS" starttime="20240111 00:07:29.493" endtime="20240111 00:07:35.276"/>
</kw>
<status status="PASS" starttime="20240111 00:07:19.437" endtime="20240111 00:07:35.276"/>
</kw>
<kw name="Verify Home Page Appears" library="homePage">
<kw name="Wait Until Element Is Visible" library="AppiumLibrary">
<arg>${logoHomePage}</arg>
<doc>Waits until element specified with `locator` is visible.</doc>
<msg timestamp="20240111 00:07:36.892" level="INFO">xpath criteria: //android.widget.ImageView[@resource-id="com.example.myapplication:id/imageView4"]
xpath criteria: //android.widget.ImageView[@resource-id="com.example.myapplication:id/imageView4"]</msg>
<status status="PASS" starttime="20240111 00:07:35.277" endtime="20240111 00:07:36.892"/>
</kw>
<status status="PASS" starttime="20240111 00:07:35.277" endtime="20240111 00:07:36.892"/>
</kw>
<kw name="Verify User Is Logged In" library="homePage">
<kw name="Wait Until Element Is Visible" library="AppiumLibrary">
<arg>${userNameTextHomePage}</arg>
<doc>Waits until element specified with `locator` is visible.</doc>
<msg timestamp="20240111 00:07:37.165" level="INFO">xpath criteria: //android.widget.TextView[@resource-id="com.example.myapplication:id/textView"]</msg>
<status status="PASS" starttime="20240111 00:07:36.893" endtime="20240111 00:07:37.165"/>
</kw>
<status status="PASS" starttime="20240111 00:07:36.893" endtime="20240111 00:07:37.165"/>
</kw>
<kw name="Close Flights application" library="base" type="TEARDOWN">
<kw name="Close Application" library="AppiumLibrary">
<doc>Closes the current application and also close webdriver session.</doc>
<status status="PASS" starttime="20240111 00:07:37.166" endtime="20240111 00:07:37.766"/>
</kw>
<status status="PASS" starttime="20240111 00:07:37.166" endtime="20240111 00:07:37.766"/>
</kw>
<status status="PASS" starttime="20240111 00:07:19.435" endtime="20240111 00:07:37.778"/>
</test>
<test id="s1-t2" name="Book Test Case" line="22">
<kw name="Run Keywords" library="BuiltIn" type="SETUP">
<arg>Open Flights application</arg>
<arg>AND</arg>
<arg>Login With Valid Credentials</arg>
<doc>Executes all the given keywords in a sequence.</doc>
<kw name="Open Flights application" library="base">
<kw name="Open Application" library="AppiumLibrary">
<arg>remote_url=${REMOTE_URL}</arg>
<arg>platformName=${PLATFORM_NAME}</arg>
<arg>platformVersion=${PLATFORM_VERSION}</arg>
<arg>deviceName=${DEVICE_NAME}</arg>
<arg>appPackage=${APP_PACKAGE}</arg>
<arg>appActivity=${APP_ACTIVITY}</arg>
<doc>Opens a new application to given Appium server.
Capabilities of appium server, Android and iOS,
Please check https://github.com/appium/appium/blob/master/docs/en/writing-running-appium/server-args.md
| *Option*            | *Man.* | *Description*     |
| remote_url          | Yes    | Appium server url |
| alias               | no     | alias             |
| strict_ssl          | No     | allows you to send commands to an invalid certificate host like a self-signed one. |</doc>
<status status="PASS" starttime="20240111 00:07:37.781" endtime="20240111 00:07:46.711"/>
</kw>
<status status="PASS" starttime="20240111 00:07:37.781" endtime="20240111 00:07:46.711"/>
</kw>
<kw name="Login With Valid Credentials" library="loginPage">
<kw name="Verify Home Page Appears" library="homePage">
<kw name="Wait Until Element Is Visible" library="AppiumLibrary">
<arg>${logoHomePage}</arg>
<doc>Waits until element specified with `locator` is visible.</doc>
<msg timestamp="20240111 00:07:47.966" level="INFO">xpath criteria: //android.widget.ImageView[@resource-id="com.example.myapplication:id/imageView4"]</msg>
<status status="PASS" starttime="20240111 00:07:46.712" endtime="20240111 00:07:47.966"/>
</kw>
<status status="PASS" starttime="20240111 00:07:46.711" endtime="20240111 00:07:47.966"/>
</kw>
<kw name="Click Sign In Button On Home Page" library="homePage">
<kw name="Wait Until Element Is Visible" library="AppiumLibrary">
<arg>${signInButtonHomePage}</arg>
<doc>Waits until element specified with `locator` is visible.</doc>
<msg timestamp="20240111 00:07:48.807" level="INFO">xpath criteria: //android.widget.Button[@resource-id="com.example.myapplication:id/login"]</msg>
<status status="PASS" starttime="20240111 00:07:47.966" endtime="20240111 00:07:48.807"/>
</kw>
<kw name="Click Element" library="AppiumLibrary">
<arg>${signInButtonHomePage}</arg>
<doc>Click element identified by `locator`.</doc>
<msg timestamp="20240111 00:07:48.810" level="INFO">Clicking element '//android.widget.Button[@resource-id="com.example.myapplication:id/login"]'.</msg>
<msg timestamp="20240111 00:07:49.240" level="INFO">xpath criteria: //android.widget.Button[@resource-id="com.example.myapplication:id/login"]</msg>
<status status="PASS" starttime="20240111 00:07:48.807" endtime="20240111 00:07:49.240"/>
</kw>
<status status="PASS" starttime="20240111 00:07:47.966" endtime="20240111 00:07:49.240"/>
</kw>
<kw name="Verify Login Appears" library="loginPage">
<kw name="Wait Until Element Is Visible" library="AppiumLibrary">
<arg>${emailInputLoginPage}</arg>
<doc>Waits until element specified with `locator` is visible.</doc>
<msg timestamp="20240111 00:07:50.534" level="INFO">xpath criteria: //android.widget.EditText[@resource-id="com.example.myapplication:id/username"]
xpath criteria: //android.widget.EditText[@resource-id="com.example.myapplication:id/username"]</msg>
<status status="PASS" starttime="20240111 00:07:49.241" endtime="20240111 00:07:50.534"/>
</kw>
<kw name="Wait Until Element Is Visible" library="AppiumLibrary">
<arg>${passwordinputLoginPage}</arg>
<doc>Waits until element specified with `locator` is visible.</doc>
<msg timestamp="20240111 00:07:50.770" level="INFO">xpath criteria: //android.widget.EditText[@resource-id="com.example.myapplication:id/password"]</msg>
<status status="PASS" starttime="20240111 00:07:50.534" endtime="20240111 00:07:50.770"/>
</kw>
<kw name="Wait Until Element Is Visible" library="AppiumLibrary">
<arg>${signInButtonLoginPage}</arg>
<doc>Waits until element specified with `locator` is visible.</doc>
<msg timestamp="20240111 00:07:50.922" level="INFO">xpath criteria: //android.widget.Button[@resource-id="com.example.myapplication:id/signIn"]</msg>
<status status="PASS" starttime="20240111 00:07:50.770" endtime="20240111 00:07:50.922"/>
</kw>
<status status="PASS" starttime="20240111 00:07:49.240" endtime="20240111 00:07:50.922"/>
</kw>
<kw name="Input User Email on Login Page" library="loginPage">
<arg>${email}</arg>
<kw name="Input Text" library="AppiumLibrary">
<arg>${emailInputLoginPage}</arg>
<arg>${email}</arg>
<doc>Types the given `text` into text field identified by `locator`.</doc>
<msg timestamp="20240111 00:07:50.925" level="INFO">Typing text 'support@ngendigital.com' into text field '//android.widget.EditText[@resource-id="com.example.myapplication:id/username"]'</msg>
<msg timestamp="20240111 00:07:51.088" level="INFO">xpath criteria: //android.widget.EditText[@resource-id="com.example.myapplication:id/username"]</msg>
<status status="PASS" starttime="20240111 00:07:50.922" endtime="20240111 00:07:51.088"/>
</kw>
<status status="PASS" starttime="20240111 00:07:50.922" endtime="20240111 00:07:51.088"/>
</kw>
<kw name="Input User password on Login Page" library="loginPage">
<arg>${password}</arg>
<kw name="Input Text" library="AppiumLibrary">
<arg>${passwordinputLoginPage}</arg>
<arg>${password}</arg>
<doc>Types the given `text` into text field identified by `locator`.</doc>
<msg timestamp="20240111 00:07:51.090" level="INFO">Typing text 'abc123' into text field '//android.widget.EditText[@resource-id="com.example.myapplication:id/password"]'</msg>
<msg timestamp="20240111 00:07:51.812" level="INFO">xpath criteria: //android.widget.EditText[@resource-id="com.example.myapplication:id/password"]</msg>
<status status="PASS" starttime="20240111 00:07:51.088" endtime="20240111 00:07:51.812"/>
</kw>
<status status="PASS" starttime="20240111 00:07:51.088" endtime="20240111 00:07:51.812"/>
</kw>
<kw name="Click Sign In Button on Login Page" library="loginPage">
<kw name="Click Element" library="AppiumLibrary">
<arg>${signInButtonLoginPage}</arg>
<doc>Click element identified by `locator`.</doc>
<msg timestamp="20240111 00:07:51.815" level="INFO">Clicking element '//android.widget.Button[@resource-id="com.example.myapplication:id/signIn"]'.</msg>
<msg timestamp="20240111 00:07:53.164" level="INFO">xpath criteria: //android.widget.Button[@resource-id="com.example.myapplication:id/signIn"]</msg>
<status status="PASS" starttime="20240111 00:07:51.812" endtime="20240111 00:07:53.164"/>
</kw>
<status status="PASS" starttime="20240111 00:07:51.812" endtime="20240111 00:07:53.164"/>
</kw>
<status status="PASS" starttime="20240111 00:07:46.711" endtime="20240111 00:07:53.164"/>
</kw>
<status status="PASS" starttime="20240111 00:07:37.781" endtime="20240111 00:07:53.164"/>
</kw>
<kw name="Verify Button Book Is Visible" library="bookPage">
<kw name="Wait Until Element Is Visible" library="AppiumLibrary">
<arg>${bookButtonPage}</arg>
<doc>Waits until element specified with `locator` is visible.</doc>
<msg timestamp="20240111 00:07:54.391" level="INFO">xpath criteria: //android.widget.Button[@resource-id="com.example.myapplication:id/book"]
xpath criteria: //android.widget.Button[@resource-id="com.example.myapplication:id/book"]</msg>
<status status="PASS" starttime="20240111 00:07:53.165" endtime="20240111 00:07:54.391"/>
</kw>
<status status="PASS" starttime="20240111 00:07:53.165" endtime="20240111 00:07:54.392"/>
</kw>
<kw name="Click Book Book Button In Home Page" library="bookPage">
<kw name="Click Element" library="AppiumLibrary">
<arg>${bookButtonPage}</arg>
<doc>Click element identified by `locator`.</doc>
<msg timestamp="20240111 00:07:54.394" level="INFO">Clicking element '//android.widget.Button[@resource-id="com.example.myapplication:id/book"]'.</msg>
<msg timestamp="20240111 00:07:54.666" level="INFO">xpath criteria: //android.widget.Button[@resource-id="com.example.myapplication:id/book"]</msg>
<status status="PASS" starttime="20240111 00:07:54.392" endtime="20240111 00:07:54.666"/>
</kw>
<status status="PASS" starttime="20240111 00:07:54.392" endtime="20240111 00:07:54.668"/>
</kw>
<kw name="Verify Book Page Is Visible" library="bookPage">
<kw name="Wait Until Element Is Visible" library="AppiumLibrary">
<arg>${oneWayButtonPage}</arg>
<doc>Waits until element specified with `locator` is visible.</doc>
<msg timestamp="20240111 00:07:56.914" level="INFO">xpath criteria: //android.support.v7.app.ActionBar.Tab[@content-desc="One Way"]
xpath criteria: //android.support.v7.app.ActionBar.Tab[@content-desc="One Way"]</msg>
<status status="PASS" starttime="20240111 00:07:54.668" endtime="20240111 00:07:56.914"/>
</kw>
<status status="PASS" starttime="20240111 00:07:54.668" endtime="20240111 00:07:56.914"/>
</kw>
<kw name="Click Field City From" library="bookPage">
<kw name="Click Element" library="AppiumLibrary">
<arg>${selectCityFromButton}</arg>
<doc>Click element identified by `locator`.</doc>
<msg timestamp="20240111 00:07:56.917" level="INFO">Clicking element '//android.widget.Spinner[@resource-id="com.example.myapplication:id/spinnerFrom"]'.</msg>
<msg timestamp="20240111 00:07:57.207" level="INFO">xpath criteria: //android.widget.Spinner[@resource-id="com.example.myapplication:id/spinnerFrom"]</msg>
<status status="PASS" starttime="20240111 00:07:56.915" endtime="20240111 00:07:57.207"/>
</kw>
<status status="PASS" starttime="20240111 00:07:56.915" endtime="20240111 00:07:57.207"/>
</kw>
<kw name="Verify Field City From Is Visible" library="bookPage">
<kw name="Wait Until Element Is Visible" library="AppiumLibrary">
<arg>${cityFromSelectedButton}</arg>
<doc>Waits until element specified with `locator` is visible.</doc>
<msg timestamp="20240111 00:07:58.105" level="INFO">xpath criteria: //android.widget.TextView[@resource-id="android:id/text1" and @text="Chicago"]</msg>
<status status="PASS" starttime="20240111 00:07:57.207" endtime="20240111 00:07:58.106"/>
</kw>
<status status="PASS" starttime="20240111 00:07:57.207" endtime="20240111 00:07:58.106"/>
</kw>
<kw name="Click Field City From Which Are Desired" library="bookPage">
<kw name="Click Element" library="AppiumLibrary">
<arg>${cityFromSelectedButton}</arg>
<doc>Click element identified by `locator`.</doc>
<msg timestamp="20240111 00:07:58.108" level="INFO">Clicking element '//android.widget.TextView[@resource-id="android:id/text1" and @text="Chicago"]'.</msg>
<msg timestamp="20240111 00:07:58.906" level="INFO">xpath criteria: //android.widget.TextView[@resource-id="android:id/text1" and @text="Chicago"]</msg>
<status status="PASS" starttime="20240111 00:07:58.106" endtime="20240111 00:07:58.906"/>
</kw>
<status status="PASS" starttime="20240111 00:07:58.106" endtime="20240111 00:07:58.906"/>
</kw>
<kw name="Click Field City To" library="bookPage">
<kw name="Click Element" library="AppiumLibrary">
<arg>${selectCityToButton}</arg>
<doc>Click element identified by `locator`.</doc>
<msg timestamp="20240111 00:07:58.908" level="INFO">Clicking element '//android.widget.Spinner[@resource-id="com.example.myapplication:id/spinnerTo"]'.</msg>
<msg timestamp="20240111 00:07:59.248" level="INFO">xpath criteria: //android.widget.Spinner[@resource-id="com.example.myapplication:id/spinnerTo"]</msg>
<status status="PASS" starttime="20240111 00:07:58.907" endtime="20240111 00:07:59.248"/>
</kw>
<status status="PASS" starttime="20240111 00:07:58.907" endtime="20240111 00:07:59.248"/>
</kw>
<kw name="Verify Field City To Is Visible" library="bookPage">
<kw name="Wait Until Element Is Visible" library="AppiumLibrary">
<arg>${cityToSelectedButton}</arg>
<doc>Waits until element specified with `locator` is visible.</doc>
<msg timestamp="20240111 00:08:00.287" level="INFO">xpath criteria: //android.widget.TextView[@resource-id="android:id/text1" and @text="Paris"]
xpath criteria: //android.widget.TextView[@resource-id="android:id/text1" and @text="Paris"]</msg>
<status status="PASS" starttime="20240111 00:07:59.249" endtime="20240111 00:08:00.287"/>
</kw>
<status status="PASS" starttime="20240111 00:07:59.249" endtime="20240111 00:08:00.287"/>
</kw>
<kw name="Click Field City To Which Are Desired" library="bookPage">
<kw name="Click Element" library="AppiumLibrary">
<arg>${cityToSelectedButton}</arg>
<doc>Click element identified by `locator`.</doc>
<msg timestamp="20240111 00:08:00.290" level="INFO">Clicking element '//android.widget.TextView[@resource-id="android:id/text1" and @text="Paris"]'.</msg>
<msg timestamp="20240111 00:08:01.558" level="INFO">xpath criteria: //android.widget.TextView[@resource-id="android:id/text1" and @text="Paris"]</msg>
<status status="PASS" starttime="20240111 00:08:00.288" endtime="20240111 00:08:01.558"/>
</kw>
<status status="PASS" starttime="20240111 00:08:00.288" endtime="20240111 00:08:01.558"/>
</kw>
<kw name="Click Field Class" library="bookPage">
<kw name="Click Element" library="AppiumLibrary">
<arg>${classButton}</arg>
<doc>Click element identified by `locator`.</doc>
<msg timestamp="20240111 00:08:01.560" level="INFO">Clicking element '//android.widget.Spinner[@resource-id="com.example.myapplication:id/spinnerClass"]'.</msg>
<msg timestamp="20240111 00:08:02.321" level="INFO">xpath criteria: //android.widget.Spinner[@resource-id="com.example.myapplication:id/spinnerClass"]</msg>
<status status="PASS" starttime="20240111 00:08:01.559" endtime="20240111 00:08:02.321"/>
</kw>
<status status="PASS" starttime="20240111 00:08:01.558" endtime="20240111 00:08:02.321"/>
</kw>
<kw name="Verify Field Class Is Visible" library="bookPage">
<kw name="Wait Until Element Is Visible" library="AppiumLibrary">
<arg>${classSelectedButton}</arg>
<doc>Waits until element specified with `locator` is visible.</doc>
<msg timestamp="20240111 00:08:03.202" level="INFO">xpath criteria: //android.widget.TextView[@resource-id="android:id/text1" and @text="First"]</msg>
<status status="PASS" starttime="20240111 00:08:02.322" endtime="20240111 00:08:03.202"/>
</kw>
<status status="PASS" starttime="20240111 00:08:02.322" endtime="20240111 00:08:03.202"/>
</kw>
<kw name="Click Field Class To Which Are Desired" library="bookPage">
<kw name="Click Element" library="AppiumLibrary">
<arg>${classSelectedButton}</arg>
<doc>Click element identified by `locator`.</doc>
<msg timestamp="20240111 00:08:03.207" level="INFO">Clicking element '//android.widget.TextView[@resource-id="android:id/text1" and @text="First"]'.</msg>
<msg timestamp="20240111 00:08:04.074" level="INFO">xpath criteria: //android.widget.TextView[@resource-id="android:id/text1" and @text="First"]</msg>
<status status="PASS" starttime="20240111 00:08:03.206" endtime="20240111 00:08:04.075"/>
</kw>
<status status="PASS" starttime="20240111 00:08:03.206" endtime="20240111 00:08:04.075"/>
</kw>
<kw name="Click Start Date Button" library="bookPage">
<kw name="Click Element" library="AppiumLibrary">
<arg>${startDateButton}</arg>
<doc>Click element identified by `locator`.</doc>
<msg timestamp="20240111 00:08:04.077" level="INFO">Clicking element '//android.widget.TextView[@resource-id="com.example.myapplication:id/textStartDate"]'.</msg>
<msg timestamp="20240111 00:08:04.964" level="INFO">xpath criteria: //android.widget.TextView[@resource-id="com.example.myapplication:id/textStartDate"]</msg>
<status status="PASS" starttime="20240111 00:08:04.075" endtime="20240111 00:08:04.964"/>
</kw>
<status status="PASS" starttime="20240111 00:08:04.075" endtime="20240111 00:08:04.965"/>
</kw>
<kw name="Verify Field Start Date Is Visible" library="bookPage">
<kw name="Wait Until Element Is Visible" library="AppiumLibrary">
<arg>${startDateSelectedButton}</arg>
<doc>Waits until element specified with `locator` is visible.</doc>
<msg timestamp="20240111 00:08:06.681" level="INFO">xpath criteria: //android.view.View[@content-desc="02 August 2019"]
xpath criteria: //android.view.View[@content-desc="02 August 2019"]</msg>
<status status="PASS" starttime="20240111 00:08:04.965" endtime="20240111 00:08:06.682"/>
</kw>
<status status="PASS" starttime="20240111 00:08:04.965" endtime="20240111 00:08:06.682"/>
</kw>
<kw name="Click Field Start Date To Which Are Desired" library="bookPage">
<kw name="Click Element" library="AppiumLibrary">
<arg>${startDateSelectedButton}</arg>
<doc>Click element identified by `locator`.</doc>
<msg timestamp="20240111 00:08:06.684" level="INFO">Clicking element '//android.view.View[@content-desc="02 August 2019"]'.</msg>
<msg timestamp="20240111 00:08:07.946" level="INFO">xpath criteria: //android.view.View[@content-desc="02 August 2019"]</msg>
<status status="PASS" starttime="20240111 00:08:06.682" endtime="20240111 00:08:07.946"/>
</kw>
<status status="PASS" starttime="20240111 00:08:06.682" endtime="20240111 00:08:07.946"/>
</kw>
<kw name="Click Button Ok" library="bookPage">
<kw name="Click Element" library="AppiumLibrary">
<arg>${okStartDate}</arg>
<doc>Click element identified by `locator`.</doc>
<msg timestamp="20240111 00:08:07.948" level="INFO">Clicking element '//android.widget.Button[@resource-id="android:id/button1"]'.</msg>
<msg timestamp="20240111 00:08:08.316" level="INFO">xpath criteria: //android.widget.Button[@resource-id="android:id/button1"]</msg>
<status status="PASS" starttime="20240111 00:08:07.946" endtime="20240111 00:08:08.316"/>
</kw>
<status status="PASS" starttime="20240111 00:08:07.946" endtime="20240111 00:08:08.316"/>
</kw>
<kw name="Click End Date Button" library="bookPage">
<kw name="Click Element" library="AppiumLibrary">
<arg>${endDateButton}</arg>
<doc>Click element identified by `locator`.</doc>
<msg timestamp="20240111 00:08:08.320" level="INFO">Clicking element '//android.widget.TextView[@resource-id="com.example.myapplication:id/textEndDate"]'.</msg>
<msg timestamp="20240111 00:08:09.318" level="INFO">xpath criteria: //android.widget.TextView[@resource-id="com.example.myapplication:id/textEndDate"]</msg>
<status status="PASS" starttime="20240111 00:08:08.316" endtime="20240111 00:08:09.318"/>
</kw>
<status status="PASS" starttime="20240111 00:08:08.316" endtime="20240111 00:08:09.318"/>
</kw>
<kw name="Verify Field End Date Is Visible" library="bookPage">
<kw name="Wait Until Element Is Visible" library="AppiumLibrary">
<arg>${endDateSelectedButton}</arg>
<doc>Waits until element specified with `locator` is visible.</doc>
<msg timestamp="20240111 00:08:10.952" level="INFO">xpath criteria: //android.view.View[@content-desc="06 August 2019"]
xpath criteria: //android.view.View[@content-desc="06 August 2019"]</msg>
<status status="PASS" starttime="20240111 00:08:09.318" endtime="20240111 00:08:10.952"/>
</kw>
<status status="PASS" starttime="20240111 00:08:09.318" endtime="20240111 00:08:10.952"/>
</kw>
<kw name="Click Field End Date To Which Are Desired" library="bookPage">
<kw name="Click Element" library="AppiumLibrary">
<arg>${endDateSelectedButton}</arg>
<doc>Click element identified by `locator`.</doc>
<msg timestamp="20240111 00:08:10.957" level="INFO">Clicking element '//android.view.View[@content-desc="06 August 2019"]'.</msg>
<msg timestamp="20240111 00:08:12.947" level="INFO">xpath criteria: //android.view.View[@content-desc="06 August 2019"]</msg>
<status status="PASS" starttime="20240111 00:08:10.955" endtime="20240111 00:08:12.947"/>
</kw>
<status status="PASS" starttime="20240111 00:08:10.955" endtime="20240111 00:08:12.947"/>
</kw>
<kw name="Click Ok Button" library="bookPage">
<kw name="Click Element" library="AppiumLibrary">
<arg>${okEndDateButton}</arg>
<doc>Click element identified by `locator`.</doc>
<msg timestamp="20240111 00:08:12.950" level="INFO">Clicking element '//android.widget.Button[@resource-id="android:id/button1"]'.</msg>
<msg timestamp="20240111 00:08:14.042" level="INFO">xpath criteria: //android.widget.Button[@resource-id="android:id/button1"]</msg>
<status status="PASS" starttime="20240111 00:08:12.948" endtime="20240111 00:08:14.042"/>
</kw>
<status status="PASS" starttime="20240111 00:08:12.948" endtime="20240111 00:08:14.042"/>
</kw>
<kw name="Checklist Field Flights And Hotels" library="bookPage">
<kw name="Click Element" library="AppiumLibrary">
<arg>${flightHotelsButton}</arg>
<doc>Click element identified by `locator`.</doc>
<msg timestamp="20240111 00:08:14.045" level="INFO">Clicking element '//android.widget.RadioButton[@resource-id="com.example.myapplication:id/radioButtonFlightHotel"]'.</msg>
<msg timestamp="20240111 00:08:14.663" level="INFO">xpath criteria: //android.widget.RadioButton[@resource-id="com.example.myapplication:id/radioButtonFlightHotel"]</msg>
<status status="PASS" starttime="20240111 00:08:14.043" endtime="20240111 00:08:14.663"/>
</kw>
<status status="PASS" starttime="20240111 00:08:14.042" endtime="20240111 00:08:14.663"/>
</kw>
<kw name="Checklist Field Days" library="bookPage">
<kw name="Click Element" library="AppiumLibrary">
<arg>${checkBoxDays}</arg>
<doc>Click element identified by `locator`.</doc>
<msg timestamp="20240111 00:08:14.666" level="INFO">Clicking element '//android.widget.CheckBox[@resource-id="com.example.myapplication:id/checkBoxDay"]'.</msg>
<msg timestamp="20240111 00:08:15.825" level="INFO">xpath criteria: //android.widget.CheckBox[@resource-id="com.example.myapplication:id/checkBoxDay"]</msg>
<status status="PASS" starttime="20240111 00:08:14.664" endtime="20240111 00:08:15.825"/>
</kw>
<status status="PASS" starttime="20240111 00:08:14.663" endtime="20240111 00:08:15.825"/>
</kw>
<kw name="Click Button Book In Book Page" library="bookPage">
<kw name="Click Element" library="AppiumLibrary">
<arg>${bookButton}</arg>
<doc>Click element identified by `locator`.</doc>
<msg timestamp="20240111 00:08:15.828" level="INFO">Clicking element '//android.widget.Button[@resource-id="com.example.myapplication:id/book_flight"]'.</msg>
<msg timestamp="20240111 00:08:17.725" level="INFO">xpath criteria: //android.widget.Button[@resource-id="com.example.myapplication:id/book_flight"]</msg>
<status status="PASS" starttime="20240111 00:08:15.826" endtime="20240111 00:08:17.725"/>
</kw>
<status status="PASS" starttime="20240111 00:08:15.826" endtime="20240111 00:08:17.725"/>
</kw>
<kw name="Verify List Book Price Is Visible" library="bookPage">
<kw name="Wait Until Element Is Visible" library="AppiumLibrary">
<arg>${validPriceButton}</arg>
<doc>Waits until element specified with `locator` is visible.</doc>
<msg timestamp="20240111 00:08:19.026" level="INFO">xpath criteria: //android.widget.TextView[@resource-id="com.example.myapplication:id/textView6"]</msg>
<status status="PASS" starttime="20240111 00:08:17.726" endtime="20240111 00:08:19.026"/>
</kw>
<status status="PASS" starttime="20240111 00:08:17.726" endtime="20240111 00:08:19.026"/>
</kw>
<kw name="Select Price Book Which Are Desired" library="bookPage">
<kw name="Click Element" library="AppiumLibrary">
<arg>${validPriceButton}</arg>
<doc>Click element identified by `locator`.</doc>
<msg timestamp="20240111 00:08:19.029" level="INFO">Clicking element '//android.widget.TextView[@resource-id="com.example.myapplication:id/textView6"]'.</msg>
<msg timestamp="20240111 00:08:19.542" level="INFO">xpath criteria: //android.widget.TextView[@resource-id="com.example.myapplication:id/textView6"]</msg>
<status status="PASS" starttime="20240111 00:08:19.027" endtime="20240111 00:08:19.543"/>
</kw>
<status status="PASS" starttime="20240111 00:08:19.026" endtime="20240111 00:08:19.543"/>
</kw>
<kw name="Click Button Book With Selected Price" library="bookPage">
<kw name="Click Element" library="AppiumLibrary">
<arg>${priceButtonSelected}</arg>
<doc>Click element identified by `locator`.</doc>
<msg timestamp="20240111 00:08:19.553" level="INFO">Clicking element '//android.widget.Button[@resource-id="com.example.myapplication:id/price1"]'.</msg>
<msg timestamp="20240111 00:08:19.775" level="INFO">xpath criteria: //android.widget.Button[@resource-id="com.example.myapplication:id/price1"]</msg>
<status status="PASS" starttime="20240111 00:08:19.547" endtime="20240111 00:08:19.775"/>
</kw>
<status status="PASS" starttime="20240111 00:08:19.546" endtime="20240111 00:08:19.775"/>
</kw>
<kw name="Confirmed Book Price" library="bookPage">
<kw name="Click Element" library="AppiumLibrary">
<arg>${priceConfirmed}</arg>
<doc>Click element identified by `locator`.</doc>
<msg timestamp="20240111 00:08:19.778" level="INFO">Clicking element '//android.widget.Button[@resource-id="com.example.myapplication:id/confirm_order"]'.</msg>
<msg timestamp="20240111 00:08:21.168" level="INFO">xpath criteria: //android.widget.Button[@resource-id="com.example.myapplication:id/confirm_order"]</msg>
<status status="PASS" starttime="20240111 00:08:19.776" endtime="20240111 00:08:21.168"/>
</kw>
<status status="PASS" starttime="20240111 00:08:19.776" endtime="20240111 00:08:21.168"/>
</kw>
<kw name="Verify Book Is Succesfully" library="bookPage">
<kw name="Wait Until Element Is Visible" library="AppiumLibrary">
<arg>${validBookedSucceeded}</arg>
<doc>Waits until element specified with `locator` is visible.</doc>
<msg timestamp="20240111 00:08:22.362" level="INFO">xpath criteria: //android.widget.CheckedTextView[@resource-id="com.example.myapplication:id/checkedTextView"]
xpath criteria: //android.widget.CheckedTextView[@resource-id="com.example.myapplication:id/checkedTextView"]</msg>
<status status="PASS" starttime="20240111 00:08:21.175" endtime="20240111 00:08:22.363"/>
</kw>
<status status="PASS" starttime="20240111 00:08:21.175" endtime="20240111 00:08:22.363"/>
</kw>
<kw name="Close Flights application" library="base" type="TEARDOWN">
<kw name="Close Application" library="AppiumLibrary">
<doc>Closes the current application and also close webdriver session.</doc>
<status status="PASS" starttime="20240111 00:08:22.364" endtime="20240111 00:08:23.050"/>
</kw>
<status status="PASS" starttime="20240111 00:08:22.363" endtime="20240111 00:08:23.052"/>
</kw>
<status status="PASS" starttime="20240111 00:07:37.779" endtime="20240111 00:08:23.062"/>
</test>
<test id="s1-t3" name="Search Test Case" line="80">
<kw name="Run Keywords" library="BuiltIn" type="SETUP">
<arg>Open Flights application</arg>
<arg>AND</arg>
<arg>Login With Valid Credentials</arg>
<doc>Executes all the given keywords in a sequence.</doc>
<kw name="Open Flights application" library="base">
<kw name="Open Application" library="AppiumLibrary">
<arg>remote_url=${REMOTE_URL}</arg>
<arg>platformName=${PLATFORM_NAME}</arg>
<arg>platformVersion=${PLATFORM_VERSION}</arg>
<arg>deviceName=${DEVICE_NAME}</arg>
<arg>appPackage=${APP_PACKAGE}</arg>
<arg>appActivity=${APP_ACTIVITY}</arg>
<doc>Opens a new application to given Appium server.
Capabilities of appium server, Android and iOS,
Please check https://github.com/appium/appium/blob/master/docs/en/writing-running-appium/server-args.md
| *Option*            | *Man.* | *Description*     |
| remote_url          | Yes    | Appium server url |
| alias               | no     | alias             |
| strict_ssl          | No     | allows you to send commands to an invalid certificate host like a self-signed one. |</doc>
<status status="PASS" starttime="20240111 00:08:23.064" endtime="20240111 00:08:39.539"/>
</kw>
<status status="PASS" starttime="20240111 00:08:23.064" endtime="20240111 00:08:39.539"/>
</kw>
<kw name="Login With Valid Credentials" library="loginPage">
<kw name="Verify Home Page Appears" library="homePage">
<kw name="Wait Until Element Is Visible" library="AppiumLibrary">
<arg>${logoHomePage}</arg>
<doc>Waits until element specified with `locator` is visible.</doc>
<msg timestamp="20240111 00:08:40.947" level="INFO">xpath criteria: //android.widget.ImageView[@resource-id="com.example.myapplication:id/imageView4"]</msg>
<status status="PASS" starttime="20240111 00:08:39.540" endtime="20240111 00:08:40.947"/>
</kw>
<status status="PASS" starttime="20240111 00:08:39.540" endtime="20240111 00:08:40.947"/>
</kw>
<kw name="Click Sign In Button On Home Page" library="homePage">
<kw name="Wait Until Element Is Visible" library="AppiumLibrary">
<arg>${signInButtonHomePage}</arg>
<doc>Waits until element specified with `locator` is visible.</doc>
<msg timestamp="20240111 00:08:41.160" level="INFO">xpath criteria: //android.widget.Button[@resource-id="com.example.myapplication:id/login"]</msg>
<status status="PASS" starttime="20240111 00:08:40.948" endtime="20240111 00:08:41.160"/>
</kw>
<kw name="Click Element" library="AppiumLibrary">
<arg>${signInButtonHomePage}</arg>
<doc>Click element identified by `locator`.</doc>
<msg timestamp="20240111 00:08:41.164" level="INFO">Clicking element '//android.widget.Button[@resource-id="com.example.myapplication:id/login"]'.</msg>
<msg timestamp="20240111 00:08:41.435" level="INFO">xpath criteria: //android.widget.Button[@resource-id="com.example.myapplication:id/login"]</msg>
<status status="PASS" starttime="20240111 00:08:41.160" endtime="20240111 00:08:41.435"/>
</kw>
<status status="PASS" starttime="20240111 00:08:40.948" endtime="20240111 00:08:41.435"/>
</kw>
<kw name="Verify Login Appears" library="loginPage">
<kw name="Wait Until Element Is Visible" library="AppiumLibrary">
<arg>${emailInputLoginPage}</arg>
<doc>Waits until element specified with `locator` is visible.</doc>
<msg timestamp="20240111 00:08:42.727" level="INFO">xpath criteria: //android.widget.EditText[@resource-id="com.example.myapplication:id/username"]
xpath criteria: //android.widget.EditText[@resource-id="com.example.myapplication:id/username"]</msg>
<status status="PASS" starttime="20240111 00:08:41.436" endtime="20240111 00:08:42.727"/>
</kw>
<kw name="Wait Until Element Is Visible" library="AppiumLibrary">
<arg>${passwordinputLoginPage}</arg>
<doc>Waits until element specified with `locator` is visible.</doc>
<msg timestamp="20240111 00:08:43.147" level="INFO">xpath criteria: //android.widget.EditText[@resource-id="com.example.myapplication:id/password"]</msg>
<status status="PASS" starttime="20240111 00:08:42.728" endtime="20240111 00:08:43.147"/>
</kw>
<kw name="Wait Until Element Is Visible" library="AppiumLibrary">
<arg>${signInButtonLoginPage}</arg>
<doc>Waits until element specified with `locator` is visible.</doc>
<msg timestamp="20240111 00:08:43.362" level="INFO">xpath criteria: //android.widget.Button[@resource-id="com.example.myapplication:id/signIn"]</msg>
<status status="PASS" starttime="20240111 00:08:43.148" endtime="20240111 00:08:43.363"/>
</kw>
<status status="PASS" starttime="20240111 00:08:41.435" endtime="20240111 00:08:43.363"/>
</kw>
<kw name="Input User Email on Login Page" library="loginPage">
<arg>${email}</arg>
<kw name="Input Text" library="AppiumLibrary">
<arg>${emailInputLoginPage}</arg>
<arg>${email}</arg>
<doc>Types the given `text` into text field identified by `locator`.</doc>
<msg timestamp="20240111 00:08:43.366" level="INFO">Typing text 'support@ngendigital.com' into text field '//android.widget.EditText[@resource-id="com.example.myapplication:id/username"]'</msg>
<msg timestamp="20240111 00:08:43.539" level="INFO">xpath criteria: //android.widget.EditText[@resource-id="com.example.myapplication:id/username"]</msg>
<status status="PASS" starttime="20240111 00:08:43.364" endtime="20240111 00:08:43.570"/>
</kw>
<status status="PASS" starttime="20240111 00:08:43.363" endtime="20240111 00:08:43.570"/>
</kw>
<kw name="Input User password on Login Page" library="loginPage">
<arg>${password}</arg>
<kw name="Input Text" library="AppiumLibrary">
<arg>${passwordinputLoginPage}</arg>
<arg>${password}</arg>
<doc>Types the given `text` into text field identified by `locator`.</doc>
<msg timestamp="20240111 00:08:43.572" level="INFO">Typing text 'abc123' into text field '//android.widget.EditText[@resource-id="com.example.myapplication:id/password"]'</msg>
<msg timestamp="20240111 00:08:44.269" level="INFO">xpath criteria: //android.widget.EditText[@resource-id="com.example.myapplication:id/password"]</msg>
<status status="PASS" starttime="20240111 00:08:43.571" endtime="20240111 00:08:44.269"/>
</kw>
<status status="PASS" starttime="20240111 00:08:43.571" endtime="20240111 00:08:44.269"/>
</kw>
<kw name="Click Sign In Button on Login Page" library="loginPage">
<kw name="Click Element" library="AppiumLibrary">
<arg>${signInButtonLoginPage}</arg>
<doc>Click element identified by `locator`.</doc>
<msg timestamp="20240111 00:08:44.271" level="INFO">Clicking element '//android.widget.Button[@resource-id="com.example.myapplication:id/signIn"]'.</msg>
<msg timestamp="20240111 00:08:45.113" level="INFO">xpath criteria: //android.widget.Button[@resource-id="com.example.myapplication:id/signIn"]</msg>
<status status="PASS" starttime="20240111 00:08:44.269" endtime="20240111 00:08:45.113"/>
</kw>
<status status="PASS" starttime="20240111 00:08:44.269" endtime="20240111 00:08:45.113"/>
</kw>
<status status="PASS" starttime="20240111 00:08:39.540" endtime="20240111 00:08:45.113"/>
</kw>
<status status="PASS" starttime="20240111 00:08:23.064" endtime="20240111 00:08:45.113"/>
</kw>
<kw name="Verify Button Search Is Visible" library="searchPage">
<kw name="Wait Until Element Is Visible" library="AppiumLibrary">
<arg>${searchButtonPage}</arg>
<doc>Waits until element specified with `locator` is visible.</doc>
<msg timestamp="20240111 00:08:46.332" level="INFO">xpath criteria: //android.widget.Button[@resource-id="com.example.myapplication:id/search_flight"]
xpath criteria: //android.widget.Button[@resource-id="com.example.myapplication:id/search_flight"]</msg>
<status status="PASS" starttime="20240111 00:08:45.114" endtime="20240111 00:08:46.333"/>
</kw>
<status status="PASS" starttime="20240111 00:08:45.114" endtime="20240111 00:08:46.333"/>
</kw>
<kw name="Click Search Button In Home Page" library="searchPage">
<kw name="Click Element" library="AppiumLibrary">
<arg>${searchButtonPage}</arg>
<doc>Click element identified by `locator`.</doc>
<msg timestamp="20240111 00:08:46.338" level="INFO">Clicking element '//android.widget.Button[@resource-id="com.example.myapplication:id/search_flight"]'.</msg>
<msg timestamp="20240111 00:08:46.592" level="INFO">xpath criteria: //android.widget.Button[@resource-id="com.example.myapplication:id/search_flight"]</msg>
<status status="PASS" starttime="20240111 00:08:46.333" endtime="20240111 00:08:46.592"/>
</kw>
<status status="PASS" starttime="20240111 00:08:46.333" endtime="20240111 00:08:46.592"/>
</kw>
<kw name="Verify Search Page Is Visible" library="searchPage">
<kw name="Wait Until Element Is Visible" library="AppiumLibrary">
<arg>${verifySearchPage}</arg>
<doc>Waits until element specified with `locator` is visible.</doc>
<msg timestamp="20240111 00:08:47.940" level="INFO">xpath criteria: //android.widget.TextView[@resource-id="com.example.myapplication:id/enterFlight"]
xpath criteria: //android.widget.TextView[@resource-id="com.example.myapplication:id/enterFlight"]</msg>
<status status="PASS" starttime="20240111 00:08:46.593" endtime="20240111 00:08:47.940"/>
</kw>
<status status="PASS" starttime="20240111 00:08:46.592" endtime="20240111 00:08:47.940"/>
</kw>
<kw name="Input Search Field With Valid Value" library="searchPage">
<kw name="Input Text" library="AppiumLibrary">
<arg>${fieldSearch}</arg>
<arg>${seachKey}</arg>
<doc>Types the given `text` into text field identified by `locator`.</doc>
<msg timestamp="20240111 00:08:47.943" level="INFO">Typing text 'DA935' into text field '//android.widget.EditText[@resource-id="com.example.myapplication:id/flight_number"]'</msg>
<msg timestamp="20240111 00:08:48.182" level="INFO">xpath criteria: //android.widget.EditText[@resource-id="com.example.myapplication:id/flight_number"]</msg>
<status status="PASS" starttime="20240111 00:08:47.941" endtime="20240111 00:08:48.182"/>
</kw>
<status status="PASS" starttime="20240111 00:08:47.940" endtime="20240111 00:08:48.182"/>
</kw>
<kw name="Click Search Button For Get The Search Result" library="searchPage">
<kw name="Click Element" library="AppiumLibrary">
<arg>${searchButton}</arg>
<doc>Click element identified by `locator`.</doc>
<msg timestamp="20240111 00:08:48.185" level="INFO">Clicking element '//android.widget.Button[@resource-id="com.example.myapplication:id/searchFlight"]'.</msg>
<msg timestamp="20240111 00:08:49.214" level="INFO">xpath criteria: //android.widget.Button[@resource-id="com.example.myapplication:id/searchFlight"]</msg>
<status status="PASS" starttime="20240111 00:08:48.182" endtime="20240111 00:08:49.214"/>
</kw>
<status status="PASS" starttime="20240111 00:08:48.182" endtime="20240111 00:08:49.214"/>
</kw>
<kw name="Verify Search Result Page Is Visible" library="searchPage">
<kw name="Wait Until Element Is Visible" library="AppiumLibrary">
<arg>${verifySearchResult}</arg>
<doc>Waits until element specified with `locator` is visible.</doc>
<msg timestamp="20240111 00:08:50.486" level="INFO">xpath criteria: //android.widget.TextView[@text="DA 935"]
xpath criteria: //android.widget.TextView[@text="DA 935"]</msg>
<status status="PASS" starttime="20240111 00:08:49.215" endtime="20240111 00:08:50.486"/>
</kw>
<status status="PASS" starttime="20240111 00:08:49.214" endtime="20240111 00:08:50.486"/>
</kw>
<kw name="Close Flights application" library="base" type="TEARDOWN">
<kw name="Close Application" library="AppiumLibrary">
<doc>Closes the current application and also close webdriver session.</doc>
<status status="PASS" starttime="20240111 00:08:50.488" endtime="20240111 00:08:51.075"/>
</kw>
<status status="PASS" starttime="20240111 00:08:50.486" endtime="20240111 00:08:51.075"/>
</kw>
<status status="PASS" starttime="20240111 00:08:23.063" endtime="20240111 00:08:51.076"/>
</test>
<status status="PASS" starttime="20240111 00:07:18.768" endtime="20240111 00:08:51.079"/>
</suite>
<statistics>
<total>
<stat pass="3" fail="0" skip="0">All Tests</stat>
</total>
<tag>
</tag>
<suite>
<stat pass="3" fail="0" skip="0" id="s1" name="playSuite">playSuite</stat>
</suite>
</statistics>
<errors>
</errors>
</robot>
